This file contains any messages produced by compilers while
running configure, to aid debugging if configure makes a mistake.

It was created by configure, which was
generated by GNU Autoconf 2.69.  Invocation command line was

  $ ./configure --prefix=/usr/local/apache-2.4.3/ --enable-deflate --enable-expires --enable-proxy --enable-proxy-connect --enable-proxy-http --enable-proxy-ftp --enable-rewrite --enable-so --with-included-apr

## --------- ##
## Platform. ##
## --------- ##

hostname = localhost
uname -m = x86_64
uname -r = 2.6.32-279.el6.x86_64
uname -s = Linux
uname -v = #1 SMP Wed Jun 13 18:24:36 EDT 2012

/usr/bin/uname -p = unknown
/bin/uname -X     = unknown

/bin/arch              = x86_64
/usr/bin/arch -k       = unknown
/usr/convex/getsysinfo = unknown
/usr/bin/hostinfo      = unknown
/bin/machine           = unknown
/usr/bin/oslevel       = unknown
/bin/universe          = unknown

PATH: /usr/local/sbin
PATH: /usr/local/bin
PATH: /sbin
PATH: /bin
PATH: /usr/sbin
PATH: /usr/bin
PATH: /bin
PATH: /sbin
PATH: /usr/bin
PATH: /usr/sbin
PATH: /usr/local/bin
PATH: /usr/local/sbin
PATH: /YOKA/SBIN


## ----------- ##
## Core tests. ##
## ----------- ##

configure:3056: checking for chosen layout
configure:3058: result: Apache
configure:3861: checking for working mkdir -p
configure:3877: result: yes
configure:3886: checking for grep that handles long lines and -e
configure:3944: result: /bin/grep
configure:3949: checking for egrep
configure:4011: result: /bin/grep -E
configure:4027: checking build system type
configure:4041: result: x86_64-unknown-linux-gnu
configure:4061: checking host system type
configure:4074: result: x86_64-unknown-linux-gnu
configure:4094: checking target system type
configure:4107: result: x86_64-unknown-linux-gnu
configure:4137: 
configure:4139: Configuring Apache Portable Runtime library...
configure:4141: 
configure:4587: 
configure:4589: Configuring Apache Portable Runtime Utility library...
configure:4591: 
configure:4968: checking for gcc
configure:4995: result: gcc
configure:5224: checking for C compiler version
configure:5233: gcc --version >&5
gcc (GCC) 4.4.6 20120305 (Red Hat 4.4.6-4)
Copyright (C) 2010 Free Software Foundation, Inc.
This is free software; see the source for copying conditions.  There is NO
warranty; not even for MERCHANTABILITY or FITNESS FOR A PARTICULAR PURPOSE.

configure:5244: $? = 0
configure:5233: gcc -v >&5
Using built-in specs.
Target: x86_64-redhat-linux
Configured with: ../configure --prefix=/usr --mandir=/usr/share/man --infodir=/usr/share/info --with-bugurl=http://bugzilla.redhat.com/bugzilla --enable-bootstrap --enable-shared --enable-threads=posix --enable-checking=release --with-system-zlib --enable-__cxa_atexit --disable-libunwind-exceptions --enable-gnu-unique-object --enable-languages=c,c++,objc,obj-c++,java,fortran,ada --enable-java-awt=gtk --disable-dssi --with-java-home=/usr/lib/jvm/java-1.5.0-gcj-1.5.0.0/jre --enable-libgcj-multifile --enable-java-maintainer-mode --with-ecj-jar=/usr/share/java/eclipse-ecj.jar --disable-libjava-multilib --with-ppl --with-cloog --with-tune=generic --with-arch_32=i686 --build=x86_64-redhat-linux
Thread model: posix
gcc version 4.4.6 20120305 (Red Hat 4.4.6-4) (GCC) 
configure:5244: $? = 0
configure:5233: gcc -V >&5
gcc: '-V' option must have argument
configure:5244: $? = 1
configure:5233: gcc -qversion >&5
gcc: unrecognized option '-qversion'
gcc: no input files
configure:5244: $? = 1
configure:5264: checking whether the C compiler works
configure:5286: gcc  -g -O2 -pthread  -DLINUX=2 -D_REENTRANT -D_GNU_SOURCE   conftest.c  >&5
configure:5290: $? = 0
configure:5338: result: yes
configure:5341: checking for C compiler default output file name
configure:5343: result: a.out
configure:5349: checking for suffix of executables
configure:5356: gcc -o conftest  -g -O2 -pthread  -DLINUX=2 -D_REENTRANT -D_GNU_SOURCE   conftest.c  >&5
configure:5360: $? = 0
configure:5382: result: 
configure:5404: checking whether we are cross compiling
configure:5412: gcc -o conftest  -g -O2 -pthread  -DLINUX=2 -D_REENTRANT -D_GNU_SOURCE   conftest.c  >&5
configure:5416: $? = 0
configure:5423: ./conftest
configure:5427: $? = 0
configure:5442: result: no
configure:5447: checking for suffix of object files
configure:5469: gcc -c  -g -O2 -pthread  -DLINUX=2 -D_REENTRANT -D_GNU_SOURCE conftest.c >&5
configure:5473: $? = 0
configure:5494: result: o
configure:5498: checking whether we are using the GNU C compiler
configure:5517: gcc -c  -g -O2 -pthread  -DLINUX=2 -D_REENTRANT -D_GNU_SOURCE conftest.c >&5
configure:5517: $? = 0
configure:5526: result: yes
configure:5535: checking whether gcc accepts -g
configure:5555: gcc -c -g  -DLINUX=2 -D_REENTRANT -D_GNU_SOURCE conftest.c >&5
configure:5555: $? = 0
configure:5596: result: yes
configure:5613: checking for gcc option to accept ISO C89
configure:5676: gcc  -c  -g -O2 -pthread  -DLINUX=2 -D_REENTRANT -D_GNU_SOURCE conftest.c >&5
configure:5676: $? = 0
configure:5689: result: none needed
configure:5714: checking how to run the C preprocessor
configure:5784: result: gcc -E
configure:5804: gcc -E  -DLINUX=2 -D_REENTRANT -D_GNU_SOURCE conftest.c
configure:5804: $? = 0
configure:5818: gcc -E  -DLINUX=2 -D_REENTRANT -D_GNU_SOURCE conftest.c
conftest.c:9:28: error: ac_nonexistent.h: No such file or directory
configure:5818: $? = 1
configure: failed program was:
| /* confdefs.h */
| #define PACKAGE_NAME ""
| #define PACKAGE_TARNAME ""
| #define PACKAGE_VERSION ""
| #define PACKAGE_STRING ""
| #define PACKAGE_BUGREPORT ""
| #define PACKAGE_URL ""
| /* end confdefs.h.  */
| #include <ac_nonexistent.h>
configure:5847: checking for gcc option to accept ISO C99
configure:5996: gcc  -c  -g -O2 -pthread  -DLINUX=2 -D_REENTRANT -D_GNU_SOURCE conftest.c >&5
conftest.c:59: error: expected ';', ',' or ')' before 'text'
conftest.c: In function 'main':
conftest.c:113: error: expected '=', ',', ';', 'asm' or '__attribute__' before 'newvar'
conftest.c:113: error: 'newvar' undeclared (first use in this function)
conftest.c:113: error: (Each undeclared identifier is reported only once
conftest.c:113: error: for each function it appears in.)
conftest.c:123: error: 'for' loop initial declarations are only allowed in C99 mode
conftest.c:123: note: use option -std=c99 or -std=gnu99 to compile your code
configure:5996: $? = 1
configure: failed program was:
| /* confdefs.h */
| #define PACKAGE_NAME ""
| #define PACKAGE_TARNAME ""
| #define PACKAGE_VERSION ""
| #define PACKAGE_STRING ""
| #define PACKAGE_BUGREPORT ""
| #define PACKAGE_URL ""
| /* end confdefs.h.  */
| #include <stdarg.h>
| #include <stdbool.h>
| #include <stdlib.h>
| #include <wchar.h>
| #include <stdio.h>
| 
| // Check varargs macros.  These examples are taken from C99 6.10.3.5.
| #define debug(...) fprintf (stderr, __VA_ARGS__)
| #define showlist(...) puts (#__VA_ARGS__)
| #define report(test,...) ((test) ? puts (#test) : printf (__VA_ARGS__))
| static void
| test_varargs_macros (void)
| {
|   int x = 1234;
|   int y = 5678;
|   debug ("Flag");
|   debug ("X = %d\n", x);
|   showlist (The first, second, and third items.);
|   report (x>y, "x is %d but y is %d", x, y);
| }
| 
| // Check long long types.
| #define BIG64 18446744073709551615ull
| #define BIG32 4294967295ul
| #define BIG_OK (BIG64 / BIG32 == 4294967297ull && BIG64 % BIG32 == 0)
| #if !BIG_OK
|   your preprocessor is broken;
| #endif
| #if BIG_OK
| #else
|   your preprocessor is broken;
| #endif
| static long long int bignum = -9223372036854775807LL;
| static unsigned long long int ubignum = BIG64;
| 
| struct incomplete_array
| {
|   int datasize;
|   double data[];
| };
| 
| struct named_init {
|   int number;
|   const wchar_t *name;
|   double average;
| };
| 
| typedef const char *ccp;
| 
| static inline int
| test_restrict (ccp restrict text)
| {
|   // See if C++-style comments work.
|   // Iterate through items via the restricted pointer.
|   // Also check for declarations in for loops.
|   for (unsigned int i = 0; *(text+i) != '\0'; ++i)
|     continue;
|   return 0;
| }
| 
| // Check varargs and va_copy.
| static void
| test_varargs (const char *format, ...)
| {
|   va_list args;
|   va_start (args, format);
|   va_list args_copy;
|   va_copy (args_copy, args);
| 
|   const char *str;
|   int number;
|   float fnumber;
| 
|   while (*format)
|     {
|       switch (*format++)
| 	{
| 	case 's': // string
| 	  str = va_arg (args_copy, const char *);
| 	  break;
| 	case 'd': // int
| 	  number = va_arg (args_copy, int);
| 	  break;
| 	case 'f': // float
| 	  fnumber = va_arg (args_copy, double);
| 	  break;
| 	default:
| 	  break;
| 	}
|     }
|   va_end (args_copy);
|   va_end (args);
| }
| 
| int
| main ()
| {
| 
|   // Check bool.
|   _Bool success = false;
| 
|   // Check restrict.
|   if (test_restrict ("String literal") == 0)
|     success = true;
|   char *restrict newvar = "Another string";
| 
|   // Check varargs.
|   test_varargs ("s, d' f .", "string", 65, 34.234);
|   test_varargs_macros ();
| 
|   // Check flexible array members.
|   struct incomplete_array *ia =
|     malloc (sizeof (struct incomplete_array) + (sizeof (double) * 10));
|   ia->datasize = 10;
|   for (int i = 0; i < ia->datasize; ++i)
|     ia->data[i] = i * 1.234;
| 
|   // Check named initializers.
|   struct named_init ni = {
|     .number = 34,
|     .name = L"Test wide string",
|     .average = 543.34343,
|   };
| 
|   ni.number = 58;
| 
|   int dynamic_array[ni.number];
|   dynamic_array[ni.number - 1] = 543;
| 
|   // work around unused variable warnings
|   return (!success || bignum == 0LL || ubignum == 0uLL || newvar[0] == 'x'
| 	  || dynamic_array[ni.number - 1] != 543);
| 
|   ;
|   return 0;
| }
configure:5996: gcc -std=gnu99 -c  -g -O2 -pthread  -DLINUX=2 -D_REENTRANT -D_GNU_SOURCE conftest.c >&5
configure:5996: $? = 0
configure:6016: result: -std=gnu99
configure:6040: checking for pcre-config
configure:6058: found /usr/bin/pcre-config
configure:6071: result: /usr/bin/pcre-config
configure:6089: Using external PCRE library from /usr/bin/pcre-config
configure:6141: 
configure:6143: Configuring Apache httpd...
configure:6145: 
configure:6285: 
configure:6287: Applying OS-specific hints for httpd...
configure:6289: 
configure:6454: checking for rm
configure:6472: found /bin/rm
configure:6484: result: /bin/rm
configure:6494: checking for pkg-config
configure:6512: found /usr/bin/pkg-config
configure:6524: result: /usr/bin/pkg-config
configure:6534: checking for rsync
configure:6552: found /usr/bin/rsync
configure:6564: result: /usr/bin/rsync
configure:6576: checking for gawk
configure:6592: found /bin/gawk
configure:6603: result: gawk
configure:6614: checking whether ln -s works
configure:6618: result: yes
configure:6668: checking for ranlib
configure:6684: found /usr/bin/ranlib
configure:6695: result: ranlib
configure:6721: checking for lynx
configure:6751: result: no
configure:6721: checking for links
configure:6751: result: no
configure:6721: checking for elinks
configure:6751: result: no
configure:6776: checking for ANSI C header files
configure:6796: gcc -std=gnu99 -c  -g -O2 -pthread  -DLINUX=2 -D_REENTRANT -D_GNU_SOURCE conftest.c >&5
configure:6796: $? = 0
configure:6869: gcc -std=gnu99 -o conftest  -g -O2 -pthread  -DLINUX=2 -D_REENTRANT -D_GNU_SOURCE   conftest.c  >&5
configure:6869: $? = 0
configure:6869: ./conftest
configure:6869: $? = 0
configure:6880: result: yes
configure:6893: checking for sys/types.h
configure:6893: gcc -std=gnu99 -c  -g -O2 -pthread  -DLINUX=2 -D_REENTRANT -D_GNU_SOURCE conftest.c >&5
configure:6893: $? = 0
configure:6893: result: yes
configure:6893: checking for sys/stat.h
configure:6893: gcc -std=gnu99 -c  -g -O2 -pthread  -DLINUX=2 -D_REENTRANT -D_GNU_SOURCE conftest.c >&5
configure:6893: $? = 0
configure:6893: result: yes
configure:6893: checking for stdlib.h
configure:6893: gcc -std=gnu99 -c  -g -O2 -pthread  -DLINUX=2 -D_REENTRANT -D_GNU_SOURCE conftest.c >&5
configure:6893: $? = 0
configure:6893: result: yes
configure:6893: checking for string.h
configure:6893: gcc -std=gnu99 -c  -g -O2 -pthread  -DLINUX=2 -D_REENTRANT -D_GNU_SOURCE conftest.c >&5
configure:6893: $? = 0
configure:6893: result: yes
configure:6893: checking for memory.h
configure:6893: gcc -std=gnu99 -c  -g -O2 -pthread  -DLINUX=2 -D_REENTRANT -D_GNU_SOURCE conftest.c >&5
configure:6893: $? = 0
configure:6893: result: yes
configure:6893: checking for strings.h
configure:6893: gcc -std=gnu99 -c  -g -O2 -pthread  -DLINUX=2 -D_REENTRANT -D_GNU_SOURCE conftest.c >&5
configure:6893: $? = 0
configure:6893: result: yes
configure:6893: checking for inttypes.h
configure:6893: gcc -std=gnu99 -c  -g -O2 -pthread  -DLINUX=2 -D_REENTRANT -D_GNU_SOURCE conftest.c >&5
configure:6893: $? = 0
configure:6893: result: yes
configure:6893: checking for stdint.h
configure:6893: gcc -std=gnu99 -c  -g -O2 -pthread  -DLINUX=2 -D_REENTRANT -D_GNU_SOURCE conftest.c >&5
configure:6893: $? = 0
configure:6893: result: yes
configure:6893: checking for unistd.h
configure:6893: gcc -std=gnu99 -c  -g -O2 -pthread  -DLINUX=2 -D_REENTRANT -D_GNU_SOURCE conftest.c >&5
configure:6893: $? = 0
configure:6893: result: yes
configure:6906: checking minix/config.h usability
configure:6906: gcc -std=gnu99 -c  -g -O2 -pthread  -DLINUX=2 -D_REENTRANT -D_GNU_SOURCE conftest.c >&5
conftest.c:52:26: error: minix/config.h: No such file or directory
configure:6906: $? = 1
configure: failed program was:
| /* confdefs.h */
| #define PACKAGE_NAME ""
| #define PACKAGE_TARNAME ""
| #define PACKAGE_VERSION ""
| #define PACKAGE_STRING ""
| #define PACKAGE_BUGREPORT ""
| #define PACKAGE_URL ""
| #define STDC_HEADERS 1
| #define HAVE_SYS_TYPES_H 1
| #define HAVE_SYS_STAT_H 1
| #define HAVE_STDLIB_H 1
| #define HAVE_STRING_H 1
| #define HAVE_MEMORY_H 1
| #define HAVE_STRINGS_H 1
| #define HAVE_INTTYPES_H 1
| #define HAVE_STDINT_H 1
| #define HAVE_UNISTD_H 1
| /* end confdefs.h.  */
| #include <stdio.h>
| #ifdef HAVE_SYS_TYPES_H
| # include <sys/types.h>
| #endif
| #ifdef HAVE_SYS_STAT_H
| # include <sys/stat.h>
| #endif
| #ifdef STDC_HEADERS
| # include <stdlib.h>
| # include <stddef.h>
| #else
| # ifdef HAVE_STDLIB_H
| #  include <stdlib.h>
| # endif
| #endif
| #ifdef HAVE_STRING_H
| # if !defined STDC_HEADERS && defined HAVE_MEMORY_H
| #  include <memory.h>
| # endif
| # include <string.h>
| #endif
| #ifdef HAVE_STRINGS_H
| # include <strings.h>
| #endif
| #ifdef HAVE_INTTYPES_H
| # include <inttypes.h>
| #endif
| #ifdef HAVE_STDINT_H
| # include <stdint.h>
| #endif
| #ifdef HAVE_UNISTD_H
| # include <unistd.h>
| #endif
| #include <minix/config.h>
configure:6906: result: no
configure:6906: checking minix/config.h presence
configure:6906: gcc -E  -DLINUX=2 -D_REENTRANT -D_GNU_SOURCE conftest.c
conftest.c:19:26: error: minix/config.h: No such file or directory
configure:6906: $? = 1
configure: failed program was:
| /* confdefs.h */
| #define PACKAGE_NAME ""
| #define PACKAGE_TARNAME ""
| #define PACKAGE_VERSION ""
| #define PACKAGE_STRING ""
| #define PACKAGE_BUGREPORT ""
| #define PACKAGE_URL ""
| #define STDC_HEADERS 1
| #define HAVE_SYS_TYPES_H 1
| #define HAVE_SYS_STAT_H 1
| #define HAVE_STDLIB_H 1
| #define HAVE_STRING_H 1
| #define HAVE_MEMORY_H 1
| #define HAVE_STRINGS_H 1
| #define HAVE_INTTYPES_H 1
| #define HAVE_STDINT_H 1
| #define HAVE_UNISTD_H 1
| /* end confdefs.h.  */
| #include <minix/config.h>
configure:6906: result: no
configure:6906: checking for minix/config.h
configure:6906: result: no
configure:6927: checking whether it is safe to define __EXTENSIONS__
configure:6945: gcc -std=gnu99 -c  -g -O2 -pthread  -DLINUX=2 -D_REENTRANT -D_GNU_SOURCE conftest.c >&5
configure:6945: $? = 0
configure:6952: result: yes
configure:6968: checking for library containing strerror
configure:6999: gcc -std=gnu99 -o conftest  -g -O2 -pthread  -DLINUX=2 -D_REENTRANT -D_GNU_SOURCE   conftest.c  >&5
configure:6999: $? = 0
configure:7016: result: none required
configure:7221: checking for ANSI C header files
configure:7325: result: yes
configure:7348: checking for string.h
configure:7348: result: yes
configure:7348: checking limits.h usability
configure:7348: gcc -std=gnu99 -c  -g -O2 -pthread  -DLINUX=2 -D_REENTRANT -D_GNU_SOURCE conftest.c >&5
configure:7348: $? = 0
configure:7348: result: yes
configure:7348: checking limits.h presence
configure:7348: gcc -E  -DLINUX=2 -D_REENTRANT -D_GNU_SOURCE conftest.c
configure:7348: $? = 0
configure:7348: result: yes
configure:7348: checking for limits.h
configure:7348: result: yes
configure:7348: checking for unistd.h
configure:7348: result: yes
configure:7348: checking sys/socket.h usability
configure:7348: gcc -std=gnu99 -c  -g -O2 -pthread  -DLINUX=2 -D_REENTRANT -D_GNU_SOURCE conftest.c >&5
configure:7348: $? = 0
configure:7348: result: yes
configure:7348: checking sys/socket.h presence
configure:7348: gcc -E  -DLINUX=2 -D_REENTRANT -D_GNU_SOURCE conftest.c
configure:7348: $? = 0
configure:7348: result: yes
configure:7348: checking for sys/socket.h
configure:7348: result: yes
configure:7348: checking pwd.h usability
configure:7348: gcc -std=gnu99 -c  -g -O2 -pthread  -DLINUX=2 -D_REENTRANT -D_GNU_SOURCE conftest.c >&5
configure:7348: $? = 0
configure:7348: result: yes
configure:7348: checking pwd.h presence
configure:7348: gcc -E  -DLINUX=2 -D_REENTRANT -D_GNU_SOURCE conftest.c
configure:7348: $? = 0
configure:7348: result: yes
configure:7348: checking for pwd.h
configure:7348: result: yes
configure:7348: checking grp.h usability
configure:7348: gcc -std=gnu99 -c  -g -O2 -pthread  -DLINUX=2 -D_REENTRANT -D_GNU_SOURCE conftest.c >&5
configure:7348: $? = 0
configure:7348: result: yes
configure:7348: checking grp.h presence
configure:7348: gcc -E  -DLINUX=2 -D_REENTRANT -D_GNU_SOURCE conftest.c
configure:7348: $? = 0
configure:7348: result: yes
configure:7348: checking for grp.h
configure:7348: result: yes
configure:7348: checking for strings.h
configure:7348: result: yes
configure:7348: checking sys/prctl.h usability
configure:7348: gcc -std=gnu99 -c  -g -O2 -pthread  -DLINUX=2 -D_REENTRANT -D_GNU_SOURCE conftest.c >&5
configure:7348: $? = 0
configure:7348: result: yes
configure:7348: checking sys/prctl.h presence
configure:7348: gcc -E  -DLINUX=2 -D_REENTRANT -D_GNU_SOURCE conftest.c
configure:7348: $? = 0
configure:7348: result: yes
configure:7348: checking for sys/prctl.h
configure:7348: result: yes
configure:7348: checking sys/processor.h usability
configure:7348: gcc -std=gnu99 -c  -g -O2 -pthread  -DLINUX=2 -D_REENTRANT -D_GNU_SOURCE conftest.c >&5
conftest.c:66:27: error: sys/processor.h: No such file or directory
configure:7348: $? = 1
configure: failed program was:
| /* confdefs.h */
| #define PACKAGE_NAME ""
| #define PACKAGE_TARNAME ""
| #define PACKAGE_VERSION ""
| #define PACKAGE_STRING ""
| #define PACKAGE_BUGREPORT ""
| #define PACKAGE_URL ""
| #define STDC_HEADERS 1
| #define HAVE_SYS_TYPES_H 1
| #define HAVE_SYS_STAT_H 1
| #define HAVE_STDLIB_H 1
| #define HAVE_STRING_H 1
| #define HAVE_MEMORY_H 1
| #define HAVE_STRINGS_H 1
| #define HAVE_INTTYPES_H 1
| #define HAVE_STDINT_H 1
| #define HAVE_UNISTD_H 1
| #define __EXTENSIONS__ 1
| #define _ALL_SOURCE 1
| #define _GNU_SOURCE 1
| #define _POSIX_PTHREAD_SEMANTICS 1
| #define _TANDEM_SOURCE 1
| #define STDC_HEADERS 1
| #define HAVE_STRING_H 1
| #define HAVE_LIMITS_H 1
| #define HAVE_UNISTD_H 1
| #define HAVE_SYS_SOCKET_H 1
| #define HAVE_PWD_H 1
| #define HAVE_GRP_H 1
| #define HAVE_STRINGS_H 1
| #define HAVE_SYS_PRCTL_H 1
| /* end confdefs.h.  */
| #include <stdio.h>
| #ifdef HAVE_SYS_TYPES_H
| # include <sys/types.h>
| #endif
| #ifdef HAVE_SYS_STAT_H
| # include <sys/stat.h>
| #endif
| #ifdef STDC_HEADERS
| # include <stdlib.h>
| # include <stddef.h>
| #else
| # ifdef HAVE_STDLIB_H
| #  include <stdlib.h>
| # endif
| #endif
| #ifdef HAVE_STRING_H
| # if !defined STDC_HEADERS && defined HAVE_MEMORY_H
| #  include <memory.h>
| # endif
| # include <string.h>
| #endif
| #ifdef HAVE_STRINGS_H
| # include <strings.h>
| #endif
| #ifdef HAVE_INTTYPES_H
| # include <inttypes.h>
| #endif
| #ifdef HAVE_STDINT_H
| # include <stdint.h>
| #endif
| #ifdef HAVE_UNISTD_H
| # include <unistd.h>
| #endif
| #include <sys/processor.h>
configure:7348: result: no
configure:7348: checking sys/processor.h presence
configure:7348: gcc -E  -DLINUX=2 -D_REENTRANT -D_GNU_SOURCE conftest.c
conftest.c:33:27: error: sys/processor.h: No such file or directory
configure:7348: $? = 1
configure: failed program was:
| /* confdefs.h */
| #define PACKAGE_NAME ""
| #define PACKAGE_TARNAME ""
| #define PACKAGE_VERSION ""
| #define PACKAGE_STRING ""
| #define PACKAGE_BUGREPORT ""
| #define PACKAGE_URL ""
| #define STDC_HEADERS 1
| #define HAVE_SYS_TYPES_H 1
| #define HAVE_SYS_STAT_H 1
| #define HAVE_STDLIB_H 1
| #define HAVE_STRING_H 1
| #define HAVE_MEMORY_H 1
| #define HAVE_STRINGS_H 1
| #define HAVE_INTTYPES_H 1
| #define HAVE_STDINT_H 1
| #define HAVE_UNISTD_H 1
| #define __EXTENSIONS__ 1
| #define _ALL_SOURCE 1
| #define _GNU_SOURCE 1
| #define _POSIX_PTHREAD_SEMANTICS 1
| #define _TANDEM_SOURCE 1
| #define STDC_HEADERS 1
| #define HAVE_STRING_H 1
| #define HAVE_LIMITS_H 1
| #define HAVE_UNISTD_H 1
| #define HAVE_SYS_SOCKET_H 1
| #define HAVE_PWD_H 1
| #define HAVE_GRP_H 1
| #define HAVE_STRINGS_H 1
| #define HAVE_SYS_PRCTL_H 1
| /* end confdefs.h.  */
| #include <sys/processor.h>
configure:7348: result: no
configure:7348: checking for sys/processor.h
configure:7348: result: no
configure:7348: checking sys/sem.h usability
configure:7348: gcc -std=gnu99 -c  -g -O2 -pthread  -DLINUX=2 -D_REENTRANT -D_GNU_SOURCE conftest.c >&5
configure:7348: $? = 0
configure:7348: result: yes
configure:7348: checking sys/sem.h presence
configure:7348: gcc -E  -DLINUX=2 -D_REENTRANT -D_GNU_SOURCE conftest.c
configure:7348: $? = 0
configure:7348: result: yes
configure:7348: checking for sys/sem.h
configure:7348: result: yes
configure:7348: checking sys/sdt.h usability
configure:7348: gcc -std=gnu99 -c  -g -O2 -pthread  -DLINUX=2 -D_REENTRANT -D_GNU_SOURCE conftest.c >&5
conftest.c:67:21: error: sys/sdt.h: No such file or directory
configure:7348: $? = 1
configure: failed program was:
| /* confdefs.h */
| #define PACKAGE_NAME ""
| #define PACKAGE_TARNAME ""
| #define PACKAGE_VERSION ""
| #define PACKAGE_STRING ""
| #define PACKAGE_BUGREPORT ""
| #define PACKAGE_URL ""
| #define STDC_HEADERS 1
| #define HAVE_SYS_TYPES_H 1
| #define HAVE_SYS_STAT_H 1
| #define HAVE_STDLIB_H 1
| #define HAVE_STRING_H 1
| #define HAVE_MEMORY_H 1
| #define HAVE_STRINGS_H 1
| #define HAVE_INTTYPES_H 1
| #define HAVE_STDINT_H 1
| #define HAVE_UNISTD_H 1
| #define __EXTENSIONS__ 1
| #define _ALL_SOURCE 1
| #define _GNU_SOURCE 1
| #define _POSIX_PTHREAD_SEMANTICS 1
| #define _TANDEM_SOURCE 1
| #define STDC_HEADERS 1
| #define HAVE_STRING_H 1
| #define HAVE_LIMITS_H 1
| #define HAVE_UNISTD_H 1
| #define HAVE_SYS_SOCKET_H 1
| #define HAVE_PWD_H 1
| #define HAVE_GRP_H 1
| #define HAVE_STRINGS_H 1
| #define HAVE_SYS_PRCTL_H 1
| #define HAVE_SYS_SEM_H 1
| /* end confdefs.h.  */
| #include <stdio.h>
| #ifdef HAVE_SYS_TYPES_H
| # include <sys/types.h>
| #endif
| #ifdef HAVE_SYS_STAT_H
| # include <sys/stat.h>
| #endif
| #ifdef STDC_HEADERS
| # include <stdlib.h>
| # include <stddef.h>
| #else
| # ifdef HAVE_STDLIB_H
| #  include <stdlib.h>
| # endif
| #endif
| #ifdef HAVE_STRING_H
| # if !defined STDC_HEADERS && defined HAVE_MEMORY_H
| #  include <memory.h>
| # endif
| # include <string.h>
| #endif
| #ifdef HAVE_STRINGS_H
| # include <strings.h>
| #endif
| #ifdef HAVE_INTTYPES_H
| # include <inttypes.h>
| #endif
| #ifdef HAVE_STDINT_H
| # include <stdint.h>
| #endif
| #ifdef HAVE_UNISTD_H
| # include <unistd.h>
| #endif
| #include <sys/sdt.h>
configure:7348: result: no
configure:7348: checking sys/sdt.h presence
configure:7348: gcc -E  -DLINUX=2 -D_REENTRANT -D_GNU_SOURCE conftest.c
conftest.c:34:21: error: sys/sdt.h: No such file or directory
configure:7348: $? = 1
configure: failed program was:
| /* confdefs.h */
| #define PACKAGE_NAME ""
| #define PACKAGE_TARNAME ""
| #define PACKAGE_VERSION ""
| #define PACKAGE_STRING ""
| #define PACKAGE_BUGREPORT ""
| #define PACKAGE_URL ""
| #define STDC_HEADERS 1
| #define HAVE_SYS_TYPES_H 1
| #define HAVE_SYS_STAT_H 1
| #define HAVE_STDLIB_H 1
| #define HAVE_STRING_H 1
| #define HAVE_MEMORY_H 1
| #define HAVE_STRINGS_H 1
| #define HAVE_INTTYPES_H 1
| #define HAVE_STDINT_H 1
| #define HAVE_UNISTD_H 1
| #define __EXTENSIONS__ 1
| #define _ALL_SOURCE 1
| #define _GNU_SOURCE 1
| #define _POSIX_PTHREAD_SEMANTICS 1
| #define _TANDEM_SOURCE 1
| #define STDC_HEADERS 1
| #define HAVE_STRING_H 1
| #define HAVE_LIMITS_H 1
| #define HAVE_UNISTD_H 1
| #define HAVE_SYS_SOCKET_H 1
| #define HAVE_PWD_H 1
| #define HAVE_GRP_H 1
| #define HAVE_STRINGS_H 1
| #define HAVE_SYS_PRCTL_H 1
| #define HAVE_SYS_SEM_H 1
| /* end confdefs.h.  */
| #include <sys/sdt.h>
configure:7348: result: no
configure:7348: checking for sys/sdt.h
configure:7348: result: no
configure:7358: checking for sys/wait.h that is POSIX.1 compatible
configure:7384: gcc -std=gnu99 -c  -g -O2 -pthread  -DLINUX=2 -D_REENTRANT -D_GNU_SOURCE conftest.c >&5
configure:7384: $? = 0
configure:7391: result: yes
configure:7401: checking for an ANSI C-conforming const
configure:7467: gcc -std=gnu99 -c  -g -O2 -pthread  -DLINUX=2 -D_REENTRANT -D_GNU_SOURCE conftest.c >&5
configure:7467: $? = 0
configure:7474: result: yes
configure:7485: checking for library containing sqrt
configure:7516: gcc -std=gnu99 -o conftest  -g -O2 -pthread  -DLINUX=2 -D_REENTRANT -D_GNU_SOURCE   conftest.c  >&5
conftest.c:42: warning: conflicting types for built-in function 'sqrt'
/tmp/ccdDexBz.o: In function `main':
/root/httpd-2.4.3/conftest.c:46: undefined reference to `sqrt'
collect2: ld returned 1 exit status
configure:7516: $? = 1
configure: failed program was:
| /* confdefs.h */
| #define PACKAGE_NAME ""
| #define PACKAGE_TARNAME ""
| #define PACKAGE_VERSION ""
| #define PACKAGE_STRING ""
| #define PACKAGE_BUGREPORT ""
| #define PACKAGE_URL ""
| #define STDC_HEADERS 1
| #define HAVE_SYS_TYPES_H 1
| #define HAVE_SYS_STAT_H 1
| #define HAVE_STDLIB_H 1
| #define HAVE_STRING_H 1
| #define HAVE_MEMORY_H 1
| #define HAVE_STRINGS_H 1
| #define HAVE_INTTYPES_H 1
| #define HAVE_STDINT_H 1
| #define HAVE_UNISTD_H 1
| #define __EXTENSIONS__ 1
| #define _ALL_SOURCE 1
| #define _GNU_SOURCE 1
| #define _POSIX_PTHREAD_SEMANTICS 1
| #define _TANDEM_SOURCE 1
| #define STDC_HEADERS 1
| #define HAVE_STRING_H 1
| #define HAVE_LIMITS_H 1
| #define HAVE_UNISTD_H 1
| #define HAVE_SYS_SOCKET_H 1
| #define HAVE_PWD_H 1
| #define HAVE_GRP_H 1
| #define HAVE_STRINGS_H 1
| #define HAVE_SYS_PRCTL_H 1
| #define HAVE_SYS_SEM_H 1
| #define HAVE_SYS_WAIT_H 1
| /* end confdefs.h.  */
| 
| /* Override any GCC internal prototype to avoid an error.
|    Use char because int might match the return type of a GCC
|    builtin and then its argument prototype would still apply.  */
| #ifdef __cplusplus
| extern "C"
| #endif
| char sqrt ();
| int
| main ()
| {
| return sqrt ();
|   ;
|   return 0;
| }
configure:7516: gcc -std=gnu99 -o conftest  -g -O2 -pthread  -DLINUX=2 -D_REENTRANT -D_GNU_SOURCE   conftest.c -lm   >&5
conftest.c:42: warning: conflicting types for built-in function 'sqrt'
configure:7516: $? = 0
configure:7533: result: -lm
configure:7550: checking for library containing crypt
configure:7581: gcc -std=gnu99 -o conftest  -g -O2 -pthread  -DLINUX=2 -D_REENTRANT -D_GNU_SOURCE   conftest.c  >&5
/tmp/ccrGdhsH.o: In function `main':
/root/httpd-2.4.3/conftest.c:46: undefined reference to `crypt'
collect2: ld returned 1 exit status
configure:7581: $? = 1
configure: failed program was:
| /* confdefs.h */
| #define PACKAGE_NAME ""
| #define PACKAGE_TARNAME ""
| #define PACKAGE_VERSION ""
| #define PACKAGE_STRING ""
| #define PACKAGE_BUGREPORT ""
| #define PACKAGE_URL ""
| #define STDC_HEADERS 1
| #define HAVE_SYS_TYPES_H 1
| #define HAVE_SYS_STAT_H 1
| #define HAVE_STDLIB_H 1
| #define HAVE_STRING_H 1
| #define HAVE_MEMORY_H 1
| #define HAVE_STRINGS_H 1
| #define HAVE_INTTYPES_H 1
| #define HAVE_STDINT_H 1
| #define HAVE_UNISTD_H 1
| #define __EXTENSIONS__ 1
| #define _ALL_SOURCE 1
| #define _GNU_SOURCE 1
| #define _POSIX_PTHREAD_SEMANTICS 1
| #define _TANDEM_SOURCE 1
| #define STDC_HEADERS 1
| #define HAVE_STRING_H 1
| #define HAVE_LIMITS_H 1
| #define HAVE_UNISTD_H 1
| #define HAVE_SYS_SOCKET_H 1
| #define HAVE_PWD_H 1
| #define HAVE_GRP_H 1
| #define HAVE_STRINGS_H 1
| #define HAVE_SYS_PRCTL_H 1
| #define HAVE_SYS_SEM_H 1
| #define HAVE_SYS_WAIT_H 1
| /* end confdefs.h.  */
| 
| /* Override any GCC internal prototype to avoid an error.
|    Use char because int might match the return type of a GCC
|    builtin and then its argument prototype would still apply.  */
| #ifdef __cplusplus
| extern "C"
| #endif
| char crypt ();
| int
| main ()
| {
| return crypt ();
|   ;
|   return 0;
| }
configure:7581: gcc -std=gnu99 -o conftest  -g -O2 -pthread  -DLINUX=2 -D_REENTRANT -D_GNU_SOURCE   conftest.c -lcrypt   >&5
configure:7581: $? = 0
configure:7598: result: -lcrypt
configure:7626: checking for getpwnam
configure:7626: gcc -std=gnu99 -o conftest  -g -O2 -pthread  -DLINUX=2 -D_REENTRANT -D_GNU_SOURCE   conftest.c  >&5
configure:7626: $? = 0
configure:7626: result: yes
configure:7626: checking for getgrnam
configure:7626: gcc -std=gnu99 -o conftest  -g -O2 -pthread  -DLINUX=2 -D_REENTRANT -D_GNU_SOURCE   conftest.c  >&5
configure:7626: $? = 0
configure:7626: result: yes
configure:7626: checking for initgroups
configure:7626: gcc -std=gnu99 -o conftest  -g -O2 -pthread  -DLINUX=2 -D_REENTRANT -D_GNU_SOURCE   conftest.c  >&5
configure:7626: $? = 0
configure:7626: result: yes
configure:7626: checking for bindprocessor
configure:7626: gcc -std=gnu99 -o conftest  -g -O2 -pthread  -DLINUX=2 -D_REENTRANT -D_GNU_SOURCE   conftest.c  >&5
/tmp/cczlglJ1.o: In function `main':
/root/httpd-2.4.3/conftest.c:72: undefined reference to `bindprocessor'
collect2: ld returned 1 exit status
configure:7626: $? = 1
configure: failed program was:
| /* confdefs.h */
| #define PACKAGE_NAME ""
| #define PACKAGE_TARNAME ""
| #define PACKAGE_VERSION ""
| #define PACKAGE_STRING ""
| #define PACKAGE_BUGREPORT ""
| #define PACKAGE_URL ""
| #define STDC_HEADERS 1
| #define HAVE_SYS_TYPES_H 1
| #define HAVE_SYS_STAT_H 1
| #define HAVE_STDLIB_H 1
| #define HAVE_STRING_H 1
| #define HAVE_MEMORY_H 1
| #define HAVE_STRINGS_H 1
| #define HAVE_INTTYPES_H 1
| #define HAVE_STDINT_H 1
| #define HAVE_UNISTD_H 1
| #define __EXTENSIONS__ 1
| #define _ALL_SOURCE 1
| #define _GNU_SOURCE 1
| #define _POSIX_PTHREAD_SEMANTICS 1
| #define _TANDEM_SOURCE 1
| #define STDC_HEADERS 1
| #define HAVE_STRING_H 1
| #define HAVE_LIMITS_H 1
| #define HAVE_UNISTD_H 1
| #define HAVE_SYS_SOCKET_H 1
| #define HAVE_PWD_H 1
| #define HAVE_GRP_H 1
| #define HAVE_STRINGS_H 1
| #define HAVE_SYS_PRCTL_H 1
| #define HAVE_SYS_SEM_H 1
| #define HAVE_SYS_WAIT_H 1
| #define HAVE_GETPWNAM 1
| #define HAVE_GETGRNAM 1
| #define HAVE_INITGROUPS 1
| /* end confdefs.h.  */
| /* Define bindprocessor to an innocuous variant, in case <limits.h> declares bindprocessor.
|    For example, HP-UX 11i <limits.h> declares gettimeofday.  */
| #define bindprocessor innocuous_bindprocessor
| 
| /* System header to define __stub macros and hopefully few prototypes,
|     which can conflict with char bindprocessor (); below.
|     Prefer <limits.h> to <assert.h> if __STDC__ is defined, since
|     <limits.h> exists even on freestanding compilers.  */
| 
| #ifdef __STDC__
| # include <limits.h>
| #else
| # include <assert.h>
| #endif
| 
| #undef bindprocessor
| 
| /* Override any GCC internal prototype to avoid an error.
|    Use char because int might match the return type of a GCC
|    builtin and then its argument prototype would still apply.  */
| #ifdef __cplusplus
| extern "C"
| #endif
| char bindprocessor ();
| /* The GNU C library defines this for functions which it implements
|     to always fail with ENOSYS.  Some functions are actually named
|     something starting with __ and the normal name is an alias.  */
| #if defined __stub_bindprocessor || defined __stub___bindprocessor
| choke me
| #endif
| 
| int
| main ()
| {
| return bindprocessor ();
|   ;
|   return 0;
| }
configure:7626: result: no
configure:7626: checking for prctl
configure:7626: gcc -std=gnu99 -o conftest  -g -O2 -pthread  -DLINUX=2 -D_REENTRANT -D_GNU_SOURCE   conftest.c  >&5
configure:7626: $? = 0
configure:7626: result: yes
configure:7626: checking for timegm
configure:7626: gcc -std=gnu99 -o conftest  -g -O2 -pthread  -DLINUX=2 -D_REENTRANT -D_GNU_SOURCE   conftest.c  >&5
configure:7626: $? = 0
configure:7626: result: yes
configure:7626: checking for getpgid
configure:7626: gcc -std=gnu99 -o conftest  -g -O2 -pthread  -DLINUX=2 -D_REENTRANT -D_GNU_SOURCE   conftest.c  >&5
configure:7626: $? = 0
configure:7626: result: yes
configure:7626: checking for fopen64
configure:7626: gcc -std=gnu99 -o conftest  -g -O2 -pthread  -DLINUX=2 -D_REENTRANT -D_GNU_SOURCE   conftest.c  >&5
configure:7626: $? = 0
configure:7626: result: yes
configure:7638: checking for void pointer length
configure:7654: gcc -std=gnu99 -o conftest  -g -O2 -pthread  -DLINUX=2 -D_REENTRANT -D_GNU_SOURCE   conftest.c  >&5
configure:7654: $? = 0
configure:7654: ./conftest
configure:7654: $? = 0
configure:7664: result: no
configure:7672: checking for gettid()
configure:7689: gcc -std=gnu99 -o conftest  -g -O2 -pthread  -DLINUX=2 -D_REENTRANT -D_GNU_SOURCE   conftest.c  >&5
conftest.c:42:1: warning: "_GNU_SOURCE" redefined
conftest.c:20:1: warning: this is the location of the previous definition
configure:7689: $? = 0
configure:7689: ./conftest
configure:7689: $? = 0
configure:7699: result: yes
configure:7707: checking for tm_gmtoff in struct tm
configure:7724: gcc -std=gnu99 -c  -g -O2 -pthread  -DLINUX=2 -D_REENTRANT -D_GNU_SOURCE conftest.c >&5
configure:7724: $? = 0
configure:7731: result: yes
configure:8706: checking whether to enable mod_authn_file
configure:8759: result: shared
configure:8840: checking whether to enable mod_authn_dbm
configure:8893: result: shared (most)
configure:8974: checking whether to enable mod_authn_anon
configure:9027: result: shared (most)
configure:9108: checking whether to enable mod_authn_dbd
configure:9161: result: shared (most)
configure:9242: checking whether to enable mod_authn_socache
configure:9295: result: shared (most)
configure:9377: checking whether to enable mod_authn_core
configure:9430: result: shared
configure:9512: checking whether to enable mod_authz_host
configure:9565: result: shared
configure:9646: checking whether to enable mod_authz_groupfile
configure:9699: result: shared
configure:9780: checking whether to enable mod_authz_user
configure:9833: result: shared
configure:9914: checking whether to enable mod_authz_dbm
configure:9967: result: shared (most)
configure:10048: checking whether to enable mod_authz_owner
configure:10101: result: shared (most)
configure:10182: checking whether to enable mod_authz_dbd
configure:10235: result: shared (most)
configure:10317: checking whether to enable mod_authz_core
configure:10370: result: shared
configure:10452: checking whether to enable mod_authnz_ldap
configure:10503: result: checking dependencies
configure:10508: checking for ldap support in apr/apr-util
configure:10536: result: no
configure:10568: WARNING: apr/apr-util is compiled without ldap support
configure:10574: checking whether to enable mod_authnz_ldap
configure:10584: result: no (disabled)
configure:10666: checking whether to enable mod_access_compat
configure:10719: result: shared
configure:10802: checking whether to enable mod_auth_basic
configure:10855: result: shared
configure:10936: checking whether to enable mod_auth_form
configure:10989: result: shared (most)
configure:11070: checking whether to enable mod_auth_digest
configure:11121: result: checking dependencies
configure:11154: checking whether to enable mod_auth_digest
configure:11164: result: shared (most)
configure:11246: checking whether to enable mod_allowmethods
configure:11299: result: shared (most)
configure:11428: checking whether to enable mod_isapi
configure:11481: result: no
configure:11588: checking whether to enable mod_file_cache
configure:11641: result: shared (most)
configure:11734: checking whether to enable mod_cache
configure:11787: result: shared (most)
configure:11868: checking whether to enable mod_cache_disk
configure:11919: result: checking dependencies
configure:11932: checking whether to enable mod_cache_disk
configure:11942: result: shared (most)
configure:12026: checking whether to enable mod_socache_shmcb
configure:12079: result: shared (most)
configure:12160: checking whether to enable mod_socache_dbm
configure:12213: result: shared (most)
configure:12294: checking whether to enable mod_socache_memcache
configure:12347: result: shared (most)
configure:12428: checking whether to enable mod_socache_dc
configure:12794: result: no
configure:13005: checking whether to enable mod_so
configure:13058: result: static
configure:13140: checking whether to enable mod_watchdog
configure:13234: result: no
configure:13362: checking whether to enable mod_dbd
configure:13415: result: shared (most)
configure:13543: checking whether to enable mod_bucketeer
configure:13596: result: no
configure:13677: checking whether to enable mod_dumpio
configure:13730: result: shared (most)
configure:13837: checking whether to enable mod_echo
configure:13890: result: no
configure:13996: checking whether to enable mod_example_hooks
configure:14049: result: no
configure:14130: checking whether to enable mod_case_filter
configure:14183: result: no
configure:14264: checking whether to enable mod_case_filter_in
configure:14317: result: no
configure:14398: checking whether to enable mod_example_ipc
configure:14451: result: no
configure:14582: checking whether to enable mod_buffer
configure:14635: result: shared (most)
configure:14716: checking whether to enable mod_data
configure:14769: result: no
configure:14850: checking whether to enable mod_ratelimit
configure:14903: result: shared (most)
configure:14984: checking whether to enable mod_reqtimeout
configure:15037: result: shared
configure:15118: checking whether to enable mod_ext_filter
configure:15171: result: shared (most)
configure:15252: checking whether to enable mod_request
configure:15305: result: shared (most)
configure:15386: checking whether to enable mod_include
configure:15439: result: shared (most)
configure:15520: checking whether to enable mod_filter
configure:15573: result: shared
configure:15654: checking whether to enable mod_reflector
configure:15707: result: no
configure:15788: checking whether to enable mod_substitute
configure:15841: result: shared (most)
configure:15924: checking whether to enable mod_sed
configure:15975: result: checking dependencies
configure:16006: checking whether to enable mod_sed
configure:16016: result: shared (most)
configure:16236: checking whether to enable mod_charset_lite
configure:16289: result: no
configure:16373: checking whether to enable mod_deflate
configure:16424: result: checking dependencies
configure:16440: checking for zlib location
configure:16461: result: /usr
configure:16601: checking for zlib library
configure:16614: gcc -std=gnu99 -o conftest  -g -O2 -pthread  -DLINUX=2 -D_REENTRANT -D_GNU_SOURCE   conftest.c -lz >&5
configure:16614: $? = 0
configure:16615: result: found
configure:16678: checking whether to enable mod_deflate
configure:16688: result: shared
configure:16772: checking whether to enable mod_xml2enc
configure:16921: result: no
configure:17002: checking whether to enable mod_proxy_html
configure:17152: result: no
configure:17288: checking whether to enable mod_http
configure:17341: result: static
configure:17422: checking whether to enable mod_mime
configure:17475: result: shared
configure:17583: checking whether to enable mod_ldap
configure:17634: result: checking dependencies
configure:17639: checking for ldap support in apr/apr-util
configure:17667: result: no
configure:17699: WARNING: apr/apr-util is compiled without ldap support
configure:17705: checking whether to enable mod_ldap
configure:17715: result: no (disabled)
configure:17844: checking whether to enable mod_log_config
configure:17897: result: shared
configure:17978: checking whether to enable mod_log_debug
configure:18031: result: shared (most)
configure:18112: checking whether to enable mod_log_forensic
configure:18165: result: no
configure:18272: checking whether to enable mod_logio
configure:18325: result: shared (most)
configure:18457: checking whether to enable mod_lua
configure:19107: result: no
configure:19236: checking whether to enable mod_env
configure:19289: result: shared
configure:19370: checking whether to enable mod_mime_magic
configure:19423: result: no
configure:19504: checking whether to enable mod_cern_meta
configure:19557: result: no
configure:19638: checking whether to enable mod_expires
configure:19691: result: shared
configure:19772: checking whether to enable mod_headers
configure:19825: result: shared
configure:19906: checking whether to enable mod_ident
configure:19959: result: no
configure:20041: checking whether to enable mod_usertrack
configure:20131: result: no
configure:20213: checking whether to enable mod_unique_id
configure:20266: result: shared (most)
configure:20347: checking whether to enable mod_setenvif
configure:20400: result: shared
configure:20481: checking whether to enable mod_version
configure:20534: result: shared
configure:20615: checking whether to enable mod_remoteip
configure:20668: result: shared (most)
configure:20783: checking whether to enable mod_proxy
configure:20836: result: shared
configure:20942: checking whether to enable mod_proxy_connect
configure:20993: result: checking dependencies
configure:21006: checking whether to enable mod_proxy_connect
configure:21016: result: shared
configure:21097: checking whether to enable mod_proxy_ftp
configure:21148: result: checking dependencies
configure:21161: checking whether to enable mod_proxy_ftp
configure:21171: result: shared
configure:21252: checking whether to enable mod_proxy_http
configure:21303: result: checking dependencies
configure:21316: checking whether to enable mod_proxy_http
configure:21326: result: shared
configure:21407: checking whether to enable mod_proxy_fcgi
configure:21458: result: checking dependencies
configure:21471: checking whether to enable mod_proxy_fcgi
configure:21481: result: shared
configure:21562: checking whether to enable mod_proxy_scgi
configure:21613: result: checking dependencies
configure:21626: checking whether to enable mod_proxy_scgi
configure:21636: result: shared
configure:21717: checking whether to enable mod_proxy_fdpass
configure:21806: result: no
configure:21887: checking whether to enable mod_proxy_ajp
configure:21938: result: checking dependencies
configure:21951: checking whether to enable mod_proxy_ajp
configure:21961: result: shared
configure:22042: checking whether to enable mod_proxy_balancer
configure:22093: result: checking dependencies
configure:22106: checking whether to enable mod_proxy_balancer
configure:22116: result: shared
configure:22198: checking whether to enable mod_proxy_express
configure:22249: result: checking dependencies
configure:22262: checking whether to enable mod_proxy_express
configure:22272: result: shared
configure:22423: checking whether to enable mod_session
configure:22476: result: shared (most)
configure:22557: checking whether to enable mod_session_cookie
configure:22608: result: checking dependencies
configure:22621: checking whether to enable mod_session_cookie
configure:22631: result: shared (most)
configure:22735: gcc -std=gnu99 -c  -g -O2 -pthread  -DLINUX=2 -D_REENTRANT -D_GNU_SOURCE  -I/root/httpd-2.4.3/srclib/apr/include   -I/root/httpd-2.4.3/srclib/apr-util/include  conftest.c >&5
conftest.c:50:2: error: #error no crypto support
configure:22735: $? = 1
configure: failed program was:
| /* confdefs.h */
| #define PACKAGE_NAME ""
| #define PACKAGE_TARNAME ""
| #define PACKAGE_VERSION ""
| #define PACKAGE_STRING ""
| #define PACKAGE_BUGREPORT ""
| #define PACKAGE_URL ""
| #define STDC_HEADERS 1
| #define HAVE_SYS_TYPES_H 1
| #define HAVE_SYS_STAT_H 1
| #define HAVE_STDLIB_H 1
| #define HAVE_STRING_H 1
| #define HAVE_MEMORY_H 1
| #define HAVE_STRINGS_H 1
| #define HAVE_INTTYPES_H 1
| #define HAVE_STDINT_H 1
| #define HAVE_UNISTD_H 1
| #define __EXTENSIONS__ 1
| #define _ALL_SOURCE 1
| #define _GNU_SOURCE 1
| #define _POSIX_PTHREAD_SEMANTICS 1
| #define _TANDEM_SOURCE 1
| #define STDC_HEADERS 1
| #define HAVE_STRING_H 1
| #define HAVE_LIMITS_H 1
| #define HAVE_UNISTD_H 1
| #define HAVE_SYS_SOCKET_H 1
| #define HAVE_PWD_H 1
| #define HAVE_GRP_H 1
| #define HAVE_STRINGS_H 1
| #define HAVE_SYS_PRCTL_H 1
| #define HAVE_SYS_SEM_H 1
| #define HAVE_SYS_WAIT_H 1
| #define HAVE_GETPWNAM 1
| #define HAVE_GETGRNAM 1
| #define HAVE_INITGROUPS 1
| #define HAVE_PRCTL 1
| #define HAVE_TIMEGM 1
| #define HAVE_GETPGID 1
| #define HAVE_FOPEN64 1
| #define HAVE_GETTID 1
| #define HAVE_GMTOFF 1
| /* end confdefs.h.  */
| #include <apr_crypto.h>
| int
| main ()
| {
| 
| #if APU_HAVE_CRYPTO == 0
| #error no crypto support
| #endif
| 
|   ;
|   return 0;
| }
configure:22743: WARNING: Your APR does not include SSL/EVP support. To enable it: configure --with-crypto
configure:22752: checking whether to enable mod_session_crypto
configure:22830: result: no
configure:22912: checking whether to enable mod_session_dbd
configure:22963: result: checking dependencies
configure:22976: checking whether to enable mod_session_dbd
configure:22986: result: shared (most)
configure:23116: checking whether to enable mod_slotmem_shm
configure:23169: result: shared (most)
configure:23250: checking whether to enable mod_slotmem_plain
configure:23303: result: no
configure:23410: checking whether to enable mod_ssl
configure:23461: result: checking dependencies
configure:23466: checking for OpenSSL
configure:23477: checking for user-provided OpenSSL base directory
configure:23490: result: none
configure:23733: checking for OpenSSL version >= 0.9.7
configure:23752: gcc -std=gnu99 -c  -g -O2 -pthread  -DLINUX=2 -D_REENTRANT -D_GNU_SOURCE conftest.c >&5
conftest.c:44:30: error: openssl/opensslv.h: No such file or directory
conftest.c:50:2: error: #error "Missing OpenSSL version"
conftest.c:53:2: error: #error "Unsupported OpenSSL version " OPENSSL_VERSION_TEXT
configure:23752: $? = 1
configure: failed program was:
| /* confdefs.h */
| #define PACKAGE_NAME ""
| #define PACKAGE_TARNAME ""
| #define PACKAGE_VERSION ""
| #define PACKAGE_STRING ""
| #define PACKAGE_BUGREPORT ""
| #define PACKAGE_URL ""
| #define STDC_HEADERS 1
| #define HAVE_SYS_TYPES_H 1
| #define HAVE_SYS_STAT_H 1
| #define HAVE_STDLIB_H 1
| #define HAVE_STRING_H 1
| #define HAVE_MEMORY_H 1
| #define HAVE_STRINGS_H 1
| #define HAVE_INTTYPES_H 1
| #define HAVE_STDINT_H 1
| #define HAVE_UNISTD_H 1
| #define __EXTENSIONS__ 1
| #define _ALL_SOURCE 1
| #define _GNU_SOURCE 1
| #define _POSIX_PTHREAD_SEMANTICS 1
| #define _TANDEM_SOURCE 1
| #define STDC_HEADERS 1
| #define HAVE_STRING_H 1
| #define HAVE_LIMITS_H 1
| #define HAVE_UNISTD_H 1
| #define HAVE_SYS_SOCKET_H 1
| #define HAVE_PWD_H 1
| #define HAVE_GRP_H 1
| #define HAVE_STRINGS_H 1
| #define HAVE_SYS_PRCTL_H 1
| #define HAVE_SYS_SEM_H 1
| #define HAVE_SYS_WAIT_H 1
| #define HAVE_GETPWNAM 1
| #define HAVE_GETGRNAM 1
| #define HAVE_INITGROUPS 1
| #define HAVE_PRCTL 1
| #define HAVE_TIMEGM 1
| #define HAVE_GETPGID 1
| #define HAVE_FOPEN64 1
| #define HAVE_GETTID 1
| #define HAVE_GMTOFF 1
| /* end confdefs.h.  */
| #include <openssl/opensslv.h>
| int
| main ()
| {
| 
| #if !defined(OPENSSL_VERSION_NUMBER)
| #error "Missing OpenSSL version"
| #endif
| #if OPENSSL_VERSION_NUMBER < 0x0090700f
| #error "Unsupported OpenSSL version " OPENSSL_VERSION_TEXT
| #endif
|   ;
|   return 0;
| }
configure:23757: result: FAILED
configure:23855: WARNING: OpenSSL version is too old
configure:23864: result: no
configure:23924: checking whether to enable mod_ssl
configure:23934: result: no (disabled)
configure:24064: checking whether to enable mod_optional_hook_export
configure:24117: result: no
configure:24198: checking whether to enable mod_optional_hook_import
configure:24251: result: no
configure:24332: checking whether to enable mod_optional_fn_import
configure:24385: result: no
configure:24466: checking whether to enable mod_optional_fn_export
configure:24519: result: no
configure:24601: checking whether to enable mod_dialup
configure:24654: result: no
configure:24771: checking for target platform
configure:24796: result: unix
configure:24828: checking for rlim_t
configure:24849: gcc -std=gnu99 -c  -g -O2 -pthread  -DLINUX=2 -D_REENTRANT -D_GNU_SOURCE conftest.c >&5
configure:24849: $? = 0
configure:24860: result: yes
configure:24872: checking sys/time.h usability
configure:24872: gcc -std=gnu99 -c  -g -O2 -pthread  -DLINUX=2 -D_REENTRANT -D_GNU_SOURCE conftest.c >&5
configure:24872: $? = 0
configure:24872: result: yes
configure:24872: checking sys/time.h presence
configure:24872: gcc -E  -DLINUX=2 -D_REENTRANT -D_GNU_SOURCE conftest.c
configure:24872: $? = 0
configure:24872: result: yes
configure:24872: checking for sys/time.h
configure:24872: result: yes
configure:24872: checking sys/resource.h usability
configure:24872: gcc -std=gnu99 -c  -g -O2 -pthread  -DLINUX=2 -D_REENTRANT -D_GNU_SOURCE conftest.c >&5
configure:24872: $? = 0
configure:24872: result: yes
configure:24872: checking sys/resource.h presence
configure:24872: gcc -E  -DLINUX=2 -D_REENTRANT -D_GNU_SOURCE conftest.c
configure:24872: $? = 0
configure:24872: result: yes
configure:24872: checking for sys/resource.h
configure:24872: result: yes
configure:24872: checking for sys/sem.h
configure:24872: result: yes
configure:24872: checking sys/ipc.h usability
configure:24872: gcc -std=gnu99 -c  -g -O2 -pthread  -DLINUX=2 -D_REENTRANT -D_GNU_SOURCE conftest.c >&5
configure:24872: $? = 0
configure:24872: result: yes
configure:24872: checking sys/ipc.h presence
configure:24872: gcc -E  -DLINUX=2 -D_REENTRANT -D_GNU_SOURCE conftest.c
configure:24872: $? = 0
configure:24872: result: yes
configure:24872: checking for sys/ipc.h
configure:24872: result: yes
configure:24886: checking for setsid
configure:24886: gcc -std=gnu99 -o conftest  -g -O2 -pthread  -DLINUX=2 -D_REENTRANT -D_GNU_SOURCE   conftest.c  >&5
configure:24886: $? = 0
configure:24886: result: yes
configure:24886: checking for killpg
configure:24886: gcc -std=gnu99 -o conftest  -g -O2 -pthread  -DLINUX=2 -D_REENTRANT -D_GNU_SOURCE   conftest.c  >&5
configure:24886: $? = 0
configure:24886: result: yes
configure:24902: checking bstring.h usability
configure:24902: gcc -std=gnu99 -c  -g -O2 -pthread  -DLINUX=2 -D_REENTRANT -D_GNU_SOURCE conftest.c >&5
conftest.c:83:21: error: bstring.h: No such file or directory
configure:24902: $? = 1
configure: failed program was:
| /* confdefs.h */
| #define PACKAGE_NAME ""
| #define PACKAGE_TARNAME ""
| #define PACKAGE_VERSION ""
| #define PACKAGE_STRING ""
| #define PACKAGE_BUGREPORT ""
| #define PACKAGE_URL ""
| #define STDC_HEADERS 1
| #define HAVE_SYS_TYPES_H 1
| #define HAVE_SYS_STAT_H 1
| #define HAVE_STDLIB_H 1
| #define HAVE_STRING_H 1
| #define HAVE_MEMORY_H 1
| #define HAVE_STRINGS_H 1
| #define HAVE_INTTYPES_H 1
| #define HAVE_STDINT_H 1
| #define HAVE_UNISTD_H 1
| #define __EXTENSIONS__ 1
| #define _ALL_SOURCE 1
| #define _GNU_SOURCE 1
| #define _POSIX_PTHREAD_SEMANTICS 1
| #define _TANDEM_SOURCE 1
| #define STDC_HEADERS 1
| #define HAVE_STRING_H 1
| #define HAVE_LIMITS_H 1
| #define HAVE_UNISTD_H 1
| #define HAVE_SYS_SOCKET_H 1
| #define HAVE_PWD_H 1
| #define HAVE_GRP_H 1
| #define HAVE_STRINGS_H 1
| #define HAVE_SYS_PRCTL_H 1
| #define HAVE_SYS_SEM_H 1
| #define HAVE_SYS_WAIT_H 1
| #define HAVE_GETPWNAM 1
| #define HAVE_GETGRNAM 1
| #define HAVE_INITGROUPS 1
| #define HAVE_PRCTL 1
| #define HAVE_TIMEGM 1
| #define HAVE_GETPGID 1
| #define HAVE_FOPEN64 1
| #define HAVE_GETTID 1
| #define HAVE_GMTOFF 1
| #define HAVE_SYS_TIME_H 1
| #define HAVE_SYS_RESOURCE_H 1
| #define HAVE_SYS_SEM_H 1
| #define HAVE_SYS_IPC_H 1
| #define HAVE_SETSID 1
| #define HAVE_KILLPG 1
| /* end confdefs.h.  */
| #include <stdio.h>
| #ifdef HAVE_SYS_TYPES_H
| # include <sys/types.h>
| #endif
| #ifdef HAVE_SYS_STAT_H
| # include <sys/stat.h>
| #endif
| #ifdef STDC_HEADERS
| # include <stdlib.h>
| # include <stddef.h>
| #else
| # ifdef HAVE_STDLIB_H
| #  include <stdlib.h>
| # endif
| #endif
| #ifdef HAVE_STRING_H
| # if !defined STDC_HEADERS && defined HAVE_MEMORY_H
| #  include <memory.h>
| # endif
| # include <string.h>
| #endif
| #ifdef HAVE_STRINGS_H
| # include <strings.h>
| #endif
| #ifdef HAVE_INTTYPES_H
| # include <inttypes.h>
| #endif
| #ifdef HAVE_STDINT_H
| # include <stdint.h>
| #endif
| #ifdef HAVE_UNISTD_H
| # include <unistd.h>
| #endif
| #include <bstring.h>
configure:24902: result: no
configure:24902: checking bstring.h presence
configure:24902: gcc -E  -DLINUX=2 -D_REENTRANT -D_GNU_SOURCE conftest.c
conftest.c:50:21: error: bstring.h: No such file or directory
configure:24902: $? = 1
configure: failed program was:
| /* confdefs.h */
| #define PACKAGE_NAME ""
| #define PACKAGE_TARNAME ""
| #define PACKAGE_VERSION ""
| #define PACKAGE_STRING ""
| #define PACKAGE_BUGREPORT ""
| #define PACKAGE_URL ""
| #define STDC_HEADERS 1
| #define HAVE_SYS_TYPES_H 1
| #define HAVE_SYS_STAT_H 1
| #define HAVE_STDLIB_H 1
| #define HAVE_STRING_H 1
| #define HAVE_MEMORY_H 1
| #define HAVE_STRINGS_H 1
| #define HAVE_INTTYPES_H 1
| #define HAVE_STDINT_H 1
| #define HAVE_UNISTD_H 1
| #define __EXTENSIONS__ 1
| #define _ALL_SOURCE 1
| #define _GNU_SOURCE 1
| #define _POSIX_PTHREAD_SEMANTICS 1
| #define _TANDEM_SOURCE 1
| #define STDC_HEADERS 1
| #define HAVE_STRING_H 1
| #define HAVE_LIMITS_H 1
| #define HAVE_UNISTD_H 1
| #define HAVE_SYS_SOCKET_H 1
| #define HAVE_PWD_H 1
| #define HAVE_GRP_H 1
| #define HAVE_STRINGS_H 1
| #define HAVE_SYS_PRCTL_H 1
| #define HAVE_SYS_SEM_H 1
| #define HAVE_SYS_WAIT_H 1
| #define HAVE_GETPWNAM 1
| #define HAVE_GETGRNAM 1
| #define HAVE_INITGROUPS 1
| #define HAVE_PRCTL 1
| #define HAVE_TIMEGM 1
| #define HAVE_GETPGID 1
| #define HAVE_FOPEN64 1
| #define HAVE_GETTID 1
| #define HAVE_GMTOFF 1
| #define HAVE_SYS_TIME_H 1
| #define HAVE_SYS_RESOURCE_H 1
| #define HAVE_SYS_SEM_H 1
| #define HAVE_SYS_IPC_H 1
| #define HAVE_SETSID 1
| #define HAVE_KILLPG 1
| /* end confdefs.h.  */
| #include <bstring.h>
configure:24902: result: no
configure:24902: checking for bstring.h
configure:24902: result: no
configure:24902: checking for unistd.h
configure:24902: result: yes
configure:24917: checking for syslog
configure:24917: gcc -std=gnu99 -o conftest  -g -O2 -pthread  -DLINUX=2 -D_REENTRANT -D_GNU_SOURCE   conftest.c  >&5
configure:24917: $? = 0
configure:24917: result: yes
configure:24929: checking sys/times.h usability
configure:24929: gcc -std=gnu99 -c  -g -O2 -pthread  -DLINUX=2 -D_REENTRANT -D_GNU_SOURCE conftest.c >&5
configure:24929: $? = 0
configure:24929: result: yes
configure:24929: checking sys/times.h presence
configure:24929: gcc -E  -DLINUX=2 -D_REENTRANT -D_GNU_SOURCE conftest.c
configure:24929: $? = 0
configure:24929: result: yes
configure:24929: checking for sys/times.h
configure:24929: result: yes
configure:24941: checking for times
configure:24941: gcc -std=gnu99 -o conftest  -g -O2 -pthread  -DLINUX=2 -D_REENTRANT -D_GNU_SOURCE   conftest.c  >&5
configure:24941: $? = 0
configure:24941: result: yes
configure:25010: checking whether APR supports thread-safe pollsets
configure:25029: checking for kqueue
configure:25029: gcc -std=gnu99 -o conftest  -g -O2 -pthread  -DLINUX=2 -D_REENTRANT -D_GNU_SOURCE   conftest.c  >&5
/tmp/ccNRXlju.o: In function `main':
/root/httpd-2.4.3/conftest.c:88: undefined reference to `kqueue'
collect2: ld returned 1 exit status
configure:25029: $? = 1
configure: failed program was:
| /* confdefs.h */
| #define PACKAGE_NAME ""
| #define PACKAGE_TARNAME ""
| #define PACKAGE_VERSION ""
| #define PACKAGE_STRING ""
| #define PACKAGE_BUGREPORT ""
| #define PACKAGE_URL ""
| #define STDC_HEADERS 1
| #define HAVE_SYS_TYPES_H 1
| #define HAVE_SYS_STAT_H 1
| #define HAVE_STDLIB_H 1
| #define HAVE_STRING_H 1
| #define HAVE_MEMORY_H 1
| #define HAVE_STRINGS_H 1
| #define HAVE_INTTYPES_H 1
| #define HAVE_STDINT_H 1
| #define HAVE_UNISTD_H 1
| #define __EXTENSIONS__ 1
| #define _ALL_SOURCE 1
| #define _GNU_SOURCE 1
| #define _POSIX_PTHREAD_SEMANTICS 1
| #define _TANDEM_SOURCE 1
| #define STDC_HEADERS 1
| #define HAVE_STRING_H 1
| #define HAVE_LIMITS_H 1
| #define HAVE_UNISTD_H 1
| #define HAVE_SYS_SOCKET_H 1
| #define HAVE_PWD_H 1
| #define HAVE_GRP_H 1
| #define HAVE_STRINGS_H 1
| #define HAVE_SYS_PRCTL_H 1
| #define HAVE_SYS_SEM_H 1
| #define HAVE_SYS_WAIT_H 1
| #define HAVE_GETPWNAM 1
| #define HAVE_GETGRNAM 1
| #define HAVE_INITGROUPS 1
| #define HAVE_PRCTL 1
| #define HAVE_TIMEGM 1
| #define HAVE_GETPGID 1
| #define HAVE_FOPEN64 1
| #define HAVE_GETTID 1
| #define HAVE_GMTOFF 1
| #define HAVE_SYS_TIME_H 1
| #define HAVE_SYS_RESOURCE_H 1
| #define HAVE_SYS_SEM_H 1
| #define HAVE_SYS_IPC_H 1
| #define HAVE_SETSID 1
| #define HAVE_KILLPG 1
| #define HAVE_UNISTD_H 1
| #define HAVE_SYSLOG 1
| #define HAVE_SYS_TIMES_H 1
| #define HAVE_TIMES 1
| /* end confdefs.h.  */
| /* Define kqueue to an innocuous variant, in case <limits.h> declares kqueue.
|    For example, HP-UX 11i <limits.h> declares gettimeofday.  */
| #define kqueue innocuous_kqueue
| 
| /* System header to define __stub macros and hopefully few prototypes,
|     which can conflict with char kqueue (); below.
|     Prefer <limits.h> to <assert.h> if __STDC__ is defined, since
|     <limits.h> exists even on freestanding compilers.  */
| 
| #ifdef __STDC__
| # include <limits.h>
| #else
| # include <assert.h>
| #endif
| 
| #undef kqueue
| 
| /* Override any GCC internal prototype to avoid an error.
|    Use char because int might match the return type of a GCC
|    builtin and then its argument prototype would still apply.  */
| #ifdef __cplusplus
| extern "C"
| #endif
| char kqueue ();
| /* The GNU C library defines this for functions which it implements
|     to always fail with ENOSYS.  Some functions are actually named
|     something starting with __ and the normal name is an alias.  */
| #if defined __stub_kqueue || defined __stub___kqueue
| choke me
| #endif
| 
| int
| main ()
| {
| return kqueue ();
|   ;
|   return 0;
| }
configure:25029: result: no
configure:25029: checking for port_create
configure:25029: gcc -std=gnu99 -o conftest  -g -O2 -pthread  -DLINUX=2 -D_REENTRANT -D_GNU_SOURCE   conftest.c  >&5
/tmp/cc4BWfew.o: In function `main':
/root/httpd-2.4.3/conftest.c:88: undefined reference to `port_create'
collect2: ld returned 1 exit status
configure:25029: $? = 1
configure: failed program was:
| /* confdefs.h */
| #define PACKAGE_NAME ""
| #define PACKAGE_TARNAME ""
| #define PACKAGE_VERSION ""
| #define PACKAGE_STRING ""
| #define PACKAGE_BUGREPORT ""
| #define PACKAGE_URL ""
| #define STDC_HEADERS 1
| #define HAVE_SYS_TYPES_H 1
| #define HAVE_SYS_STAT_H 1
| #define HAVE_STDLIB_H 1
| #define HAVE_STRING_H 1
| #define HAVE_MEMORY_H 1
| #define HAVE_STRINGS_H 1
| #define HAVE_INTTYPES_H 1
| #define HAVE_STDINT_H 1
| #define HAVE_UNISTD_H 1
| #define __EXTENSIONS__ 1
| #define _ALL_SOURCE 1
| #define _GNU_SOURCE 1
| #define _POSIX_PTHREAD_SEMANTICS 1
| #define _TANDEM_SOURCE 1
| #define STDC_HEADERS 1
| #define HAVE_STRING_H 1
| #define HAVE_LIMITS_H 1
| #define HAVE_UNISTD_H 1
| #define HAVE_SYS_SOCKET_H 1
| #define HAVE_PWD_H 1
| #define HAVE_GRP_H 1
| #define HAVE_STRINGS_H 1
| #define HAVE_SYS_PRCTL_H 1
| #define HAVE_SYS_SEM_H 1
| #define HAVE_SYS_WAIT_H 1
| #define HAVE_GETPWNAM 1
| #define HAVE_GETGRNAM 1
| #define HAVE_INITGROUPS 1
| #define HAVE_PRCTL 1
| #define HAVE_TIMEGM 1
| #define HAVE_GETPGID 1
| #define HAVE_FOPEN64 1
| #define HAVE_GETTID 1
| #define HAVE_GMTOFF 1
| #define HAVE_SYS_TIME_H 1
| #define HAVE_SYS_RESOURCE_H 1
| #define HAVE_SYS_SEM_H 1
| #define HAVE_SYS_IPC_H 1
| #define HAVE_SETSID 1
| #define HAVE_KILLPG 1
| #define HAVE_UNISTD_H 1
| #define HAVE_SYSLOG 1
| #define HAVE_SYS_TIMES_H 1
| #define HAVE_TIMES 1
| /* end confdefs.h.  */
| /* Define port_create to an innocuous variant, in case <limits.h> declares port_create.
|    For example, HP-UX 11i <limits.h> declares gettimeofday.  */
| #define port_create innocuous_port_create
| 
| /* System header to define __stub macros and hopefully few prototypes,
|     which can conflict with char port_create (); below.
|     Prefer <limits.h> to <assert.h> if __STDC__ is defined, since
|     <limits.h> exists even on freestanding compilers.  */
| 
| #ifdef __STDC__
| # include <limits.h>
| #else
| # include <assert.h>
| #endif
| 
| #undef port_create
| 
| /* Override any GCC internal prototype to avoid an error.
|    Use char because int might match the return type of a GCC
|    builtin and then its argument prototype would still apply.  */
| #ifdef __cplusplus
| extern "C"
| #endif
| char port_create ();
| /* The GNU C library defines this for functions which it implements
|     to always fail with ENOSYS.  Some functions are actually named
|     something starting with __ and the normal name is an alias.  */
| #if defined __stub_port_create || defined __stub___port_create
| choke me
| #endif
| 
| int
| main ()
| {
| return port_create ();
|   ;
|   return 0;
| }
configure:25029: result: no
configure:25029: checking for epoll_create
configure:25029: gcc -std=gnu99 -o conftest  -g -O2 -pthread  -DLINUX=2 -D_REENTRANT -D_GNU_SOURCE   conftest.c  >&5
configure:25029: $? = 0
configure:25029: result: yes
configure:25045: result: yes
configure:25104: checking if event MPM supports this platform
configure:25119: result: yes
configure:25134: checking if mpmt_os2 MPM supports this platform
configure:25153: result: no
configure:25158: checking if prefork MPM supports this platform
configure:25164: result: yes
configure:25179: checking if WinNT MPM supports this platform
configure:25198: result: no
configure:25203: checking if worker MPM supports this platform
configure:25215: result: yes
configure:26062: checking whether to enable mod_lbmethod_byrequests
configure:26115: result: shared
configure:26196: checking whether to enable mod_lbmethod_bytraffic
configure:26249: result: shared
configure:26330: checking whether to enable mod_lbmethod_bybusyness
configure:26383: result: shared
configure:26464: checking whether to enable mod_lbmethod_heartbeat
configure:26517: result: shared
configure:26612: checking which MPM to use by default
configure:26634: result: event
configure:26817: checking for pthread_kill
configure:26817: gcc -std=gnu99 -o conftest  -g -O2 -pthread  -DLINUX=2 -D_REENTRANT -D_GNU_SOURCE   conftest.c  >&5
configure:26817: $? = 0
configure:26817: result: yes
configure:27076: checking whether to enable mod_unixd
configure:27129: result: shared
configure:27210: checking whether to enable mod_privileges
configure:27296: result: no
configure:27435: checking whether to enable mod_heartbeat
configure:27509: result: no
configure:27590: checking whether to enable mod_heartmonitor
configure:27643: result: no
configure:27738: checking for extra modules
configure:27798: result: none
configure:27823: checking whether to enable mod_dav
configure:27876: result: shared (most)
configure:28009: checking whether to enable mod_status
configure:28062: result: shared
configure:28143: checking whether to enable mod_autoindex
configure:28196: result: shared
configure:28277: checking whether to enable mod_asis
configure:28330: result: no
configure:28411: checking whether to enable mod_info
configure:28464: result: shared (most)
configure:28545: checking whether to enable mod_suexec
configure:28612: result: no
configure:28709: checking whether to enable mod_cgid
configure:28760: result: checking dependencies
configure:28802: checking whether to enable mod_cgid
configure:28812: result: shared (most)
configure:28893: checking whether to enable mod_cgi
configure:28946: result: no
configure:29453: checking whether to enable mod_dav_fs
configure:29504: result: checking dependencies
configure:29517: checking whether to enable mod_dav_fs
configure:29527: result: shared (most)
configure:29643: checking whether to enable mod_dav_lock
configure:29717: result: no
configure:29824: checking whether to enable mod_vhost_alias
configure:29877: result: shared (most)
configure:29958: checking whether to enable mod_negotiation
configure:30011: result: shared (most)
configure:30092: checking whether to enable mod_dir
configure:30145: result: shared
configure:30226: checking whether to enable mod_imagemap
configure:30279: result: no
configure:30360: checking whether to enable mod_actions
configure:30413: result: shared (most)
configure:30494: checking whether to enable mod_speling
configure:30547: result: shared (most)
configure:30628: checking whether to enable mod_userdir
configure:30681: result: shared (most)
configure:30762: checking whether to enable mod_alias
configure:30815: result: shared
configure:30896: checking whether to enable mod_rewrite
configure:30949: result: shared
configure:31454: 
configure:31456: Restore user-defined environment settings...
configure:31458: 
configure:31576: 
configure:31578: Construct makefiles and header files...
configure:31580: 
configure:31891: creating config_vars.mk
configure:32074: creating ./config.status

## ---------------------- ##
## Running config.status. ##
## ---------------------- ##

This file was extended by config.status, which was
generated by GNU Autoconf 2.69.  Invocation command line was

  CONFIG_FILES    = 
  CONFIG_HEADERS  = 
  CONFIG_LINKS    = 
  CONFIG_COMMANDS = 
  $ ./config.status 

on localhost

config.status:1172: creating docs/conf/httpd.conf
config.status:1172: creating docs/conf/extra/httpd-autoindex.conf
config.status:1172: creating docs/conf/extra/httpd-dav.conf
config.status:1172: creating docs/conf/extra/httpd-default.conf
config.status:1172: creating docs/conf/extra/httpd-info.conf
config.status:1172: creating docs/conf/extra/httpd-languages.conf
config.status:1172: creating docs/conf/extra/httpd-manual.conf
config.status:1172: creating docs/conf/extra/httpd-mpm.conf
config.status:1172: creating docs/conf/extra/httpd-multilang-errordoc.conf
config.status:1172: creating docs/conf/extra/httpd-ssl.conf
config.status:1172: creating docs/conf/extra/httpd-userdir.conf
config.status:1172: creating docs/conf/extra/httpd-vhosts.conf
config.status:1172: creating docs/conf/extra/proxy-html.conf
config.status:1172: creating include/ap_config_layout.h
config.status:1172: creating support/apxs
config.status:1172: creating support/apachectl
config.status:1172: creating support/dbmmanage
config.status:1172: creating support/envvars-std
config.status:1172: creating support/log_server_status
config.status:1172: creating support/logresolve.pl
config.status:1172: creating support/phf_abuse_log.cgi
config.status:1172: creating support/split-logfile
config.status:1172: creating build/rules.mk
config.status:1172: creating build/pkg/pkginfo
config.status:1172: creating build/config_vars.sh
config.status:1172: creating include/ap_config_auto.h
config.status:1342: include/ap_config_auto.h is unchanged
config.status:1356: executing default commands

## ---------------- ##
## Cache variables. ##
## ---------------- ##

ac_cv_APR_HAS_LDAP=no
ac_cv_build=x86_64-unknown-linux-gnu
ac_cv_c_compiler_gnu=yes
ac_cv_c_const=yes
ac_cv_define_APR_HAS_DSO=yes
ac_cv_define_APR_HAS_RANDOM=yes
ac_cv_define_APR_HAS_THREADS=yes
ac_cv_define_APR_HAVE_IPV6=yes
ac_cv_env_CC_set=
ac_cv_env_CC_value=
ac_cv_env_CFLAGS_set=
ac_cv_env_CFLAGS_value=
ac_cv_env_CPPFLAGS_set=
ac_cv_env_CPPFLAGS_value=
ac_cv_env_CPP_set=
ac_cv_env_CPP_value=
ac_cv_env_LDFLAGS_set=
ac_cv_env_LDFLAGS_value=
ac_cv_env_LIBS_set=
ac_cv_env_LIBS_value=
ac_cv_env_build_alias_set=
ac_cv_env_build_alias_value=
ac_cv_env_host_alias_set=
ac_cv_env_host_alias_value=
ac_cv_env_target_alias_set=
ac_cv_env_target_alias_value=
ac_cv_func_bindprocessor=no
ac_cv_func_epoll_create=yes
ac_cv_func_fopen64=yes
ac_cv_func_getgrnam=yes
ac_cv_func_getpgid=yes
ac_cv_func_getpwnam=yes
ac_cv_func_initgroups=yes
ac_cv_func_killpg=yes
ac_cv_func_kqueue=no
ac_cv_func_port_create=no
ac_cv_func_prctl=yes
ac_cv_func_pthread_kill=yes
ac_cv_func_setsid=yes
ac_cv_func_syslog=yes
ac_cv_func_timegm=yes
ac_cv_func_times=yes
ac_cv_gettid=yes
ac_cv_have_threadsafe_pollset=yes
ac_cv_header_bstring_h=no
ac_cv_header_grp_h=yes
ac_cv_header_inttypes_h=yes
ac_cv_header_limits_h=yes
ac_cv_header_memory_h=yes
ac_cv_header_minix_config_h=no
ac_cv_header_pwd_h=yes
ac_cv_header_stdc=yes
ac_cv_header_stdint_h=yes
ac_cv_header_stdlib_h=yes
ac_cv_header_string_h=yes
ac_cv_header_strings_h=yes
ac_cv_header_sys_ipc_h=yes
ac_cv_header_sys_prctl_h=yes
ac_cv_header_sys_processor_h=no
ac_cv_header_sys_resource_h=yes
ac_cv_header_sys_sdt_h=no
ac_cv_header_sys_sem_h=yes
ac_cv_header_sys_socket_h=yes
ac_cv_header_sys_stat_h=yes
ac_cv_header_sys_time_h=yes
ac_cv_header_sys_times_h=yes
ac_cv_header_sys_types_h=yes
ac_cv_header_sys_wait_h=yes
ac_cv_header_unistd_h=yes
ac_cv_host=x86_64-unknown-linux-gnu
ac_cv_mkdir_p=yes
ac_cv_objext=o
ac_cv_openssl=no
ac_cv_path_EGREP='/bin/grep -E'
ac_cv_path_GREP=/bin/grep
ac_cv_path_PCRE_CONFIG=/usr/bin/pcre-config
ac_cv_path_PKGCONFIG=/usr/bin/pkg-config
ac_cv_path_RM=/bin/rm
ac_cv_path_RSYNC=/usr/bin/rsync
ac_cv_prog_AWK=gawk
ac_cv_prog_CPP='gcc -E'
ac_cv_prog_ac_ct_CC=gcc
ac_cv_prog_ac_ct_RANLIB=ranlib
ac_cv_prog_cc_c89=
ac_cv_prog_cc_c99=-std=gnu99
ac_cv_prog_cc_g=yes
ac_cv_safe_to_define___extensions__=yes
ac_cv_search_crypt=-lcrypt
ac_cv_search_sqrt=-lm
ac_cv_search_strerror='none required'
ac_cv_struct_tm_gmtoff=yes
ac_cv_target=x86_64-unknown-linux-gnu
ac_cv_type_rlim_t=yes
ap_cv_void_ptr_lt_long=no
ap_cv_zlib=/usr

## ----------------- ##
## Output variables. ##
## ----------------- ##

APACHECTL_ULIMIT='ulimit -S -n `ulimit -H -n`'
APR_BINDIR='/usr/local/apache-2.4.3//bin'
APR_CONFIG='/usr/local/apache-2.4.3//bin/apr-1-config'
APR_INCLUDEDIR='/root/httpd-2.4.3/srclib/apr/include'
APR_VERSION='1.4.6'
APU_BINDIR='/usr/local/apache-2.4.3//bin'
APU_CONFIG='/usr/local/apache-2.4.3//bin/apu-1-config'
APU_INCLUDEDIR='/root/httpd-2.4.3/srclib/apr-util/include'
APU_VERSION='1.5.1'
AP_BUILD_SRCLIB_DIRS='apr  apr-util'
AP_CLEAN_SRCLIB_DIRS='apr-util  apr'
AP_LIBS='$(MOD_SO_LDADD) $(MOD_HTTP_LDADD) $(MOD_MPM_EVENT_LDADD)  /root/httpd-2.4.3/srclib/apr-util/libaprutil-1.la     -lexpat  /root/httpd-2.4.3/srclib/apr/libapr-1.la -lrt -lcrypt  -lpthread'
AWK='gawk'
BUILTIN_LIBS=' modules/core/libmod_so.la modules/http/libmod_http.la'
CC='gcc -std=gnu99'
CFLAGS=''
CORE_IMPLIB=''
CORE_IMPLIB_FILE=''
CPP='gcc -E'
CPPFLAGS=''
CRYPT_LIBS='-lcrypt '
CXX=''
CXXFLAGS=''
DEFS='-DHAVE_CONFIG_H'
DSO_MODULES=' authn_file authn_dbm authn_anon authn_dbd authn_socache authn_core authz_host authz_groupfile authz_user authz_dbm authz_owner authz_dbd authz_core access_compat auth_basic auth_form auth_digest allowmethods file_cache cache cache_disk socache_shmcb socache_dbm socache_memcache dbd dumpio buffer ratelimit reqtimeout ext_filter request include filter substitute sed deflate mime log_config log_debug logio env expires headers unique_id setenvif version remoteip proxy proxy_connect proxy_ftp proxy_http proxy_fcgi proxy_scgi proxy_ajp proxy_balancer proxy_express session session_cookie session_dbd slotmem_shm lbmethod_byrequests lbmethod_bytraffic lbmethod_bybusyness lbmethod_heartbeat unixd dav status autoindex info cgid dav_fs vhost_alias negotiation dir actions speling userdir alias rewrite'
DTRACE='true'
ECHO_C=''
ECHO_N='-n'
ECHO_T=''
EGREP='/bin/grep -E'
ENABLED_DSO_MODULES=',authn_file,authn_core,authz_host,authz_groupfile,authz_user,authz_core,access_compat,auth_basic,reqtimeout,filter,mime,log_config,env,headers,setenvif,version,proxy,proxy_connect,proxy_ftp,proxy_http,proxy_fcgi,proxy_scgi,proxy_ajp,proxy_balancer,proxy_express,lbmethod_byrequests,lbmethod_bytraffic,lbmethod_bybusyness,lbmethod_heartbeat,unixd,status,autoindex,dir,alias'
EXEEXT=''
EXTRA_CFLAGS=' -g -O2 -pthread'
EXTRA_CPPFLAGS=' -DLINUX=2 -D_REENTRANT -D_GNU_SOURCE'
EXTRA_CXXFLAGS=''
EXTRA_INCLUDES='-I. -I$(top_srcdir)/os/$(OS_DIR) -I$(top_srcdir)/include -I/root/httpd-2.4.3/srclib/apr/include -I/root/httpd-2.4.3/srclib/apr-util/include -I$(top_srcdir)/modules/aaa -I$(top_srcdir)/modules/cache -I$(top_srcdir)/modules/core -I$(top_srcdir)/modules/database -I$(top_srcdir)/modules/filters -I$(top_srcdir)/modules/ldap -I$(top_srcdir)/modules/loggers -I$(top_srcdir)/modules/lua -I$(top_srcdir)/modules/proxy -I$(top_srcdir)/modules/session -I$(top_srcdir)/modules/ssl -I$(top_srcdir)/modules/test -I$(top_srcdir)/server -I$(top_srcdir)/modules/arch/unix -I$(top_srcdir)/modules/dav/main -I$(top_srcdir)/modules/generators -I$(top_srcdir)/modules/mappers'
EXTRA_LDFLAGS=' '
EXTRA_LIBS=''
GREP='/bin/grep'
HTTPD_LDFLAGS='-export-dynamic'
HTTPD_VERSION='2.4.3'
INCLUDES=''
INSTALL='$(LIBTOOL) --mode=install $(abs_srcdir)/build/install.sh -c'
INSTALL_DSO='yes'
INSTALL_PROG_FLAGS=''
INTERNAL_CPPFLAGS=''
LDFLAGS=''
LIBOBJS=''
LIBS=''
LIBTOOL='/root/httpd-2.4.3/srclib/apr/libtool $(LTFLAGS)'
LN_S='ln -s'
LOAD_ALL_MODULES='no'
LTCFLAGS='-prefer-non-pic -static'
LTFLAGS='--silent'
LTLIBOBJS=''
LT_LDFLAGS=''
LUA_CFLAGS=''
LUA_LIBS=''
LYNX_PATH='lynx'
MATH_LIBS='-lm '
MKDEP='$(CC) -MM'
MKINSTALLDIRS='$(abs_srcdir)/build/mkdir.sh'
MK_IMPLIB=''
MODULE_CLEANDIRS=' arch/win32 echo examples experimental ldap lua ssl test cluster dav/lock'
MODULE_DIRS=' aaa cache core database debugging filters http loggers metadata proxy session slotmem proxy/balancers arch/unix dav/main generators dav/fs mappers'
MOD_ACCESS_COMPAT_LDADD=''
MOD_ACTIONS_LDADD=''
MOD_ALIAS_LDADD=''
MOD_ALLOWMETHODS_LDADD=''
MOD_ASIS_LDADD=''
MOD_AUTHNZ_LDAP_LDADD=''
MOD_AUTHN_ANON_LDADD=''
MOD_AUTHN_CORE_LDADD=''
MOD_AUTHN_DBD_LDADD=''
MOD_AUTHN_DBM_LDADD=''
MOD_AUTHN_FILE_LDADD=''
MOD_AUTHN_SOCACHE_LDADD=''
MOD_AUTHZ_CORE_LDADD=''
MOD_AUTHZ_DBD_LDADD=''
MOD_AUTHZ_DBM_LDADD=''
MOD_AUTHZ_GROUPFILE_LDADD=''
MOD_AUTHZ_HOST_LDADD=''
MOD_AUTHZ_OWNER_LDADD=''
MOD_AUTHZ_USER_LDADD=''
MOD_AUTH_BASIC_LDADD=''
MOD_AUTH_DIGEST_LDADD=''
MOD_AUTH_FORM_LDADD=''
MOD_AUTOINDEX_LDADD=''
MOD_BUCKETEER_LDADD=''
MOD_BUFFER_LDADD=''
MOD_CACHE_DISK_LDADD=''
MOD_CACHE_LDADD=''
MOD_CASE_FILTER_IN_LDADD=''
MOD_CASE_FILTER_LDADD=''
MOD_CERN_META_LDADD=''
MOD_CGID_LDADD=''
MOD_CGI_LDADD=''
MOD_CHARSET_LITE_LDADD=''
MOD_DATA_LDADD=''
MOD_DAV_FS_LDADD=''
MOD_DAV_LDADD=''
MOD_DAV_LOCK_LDADD=''
MOD_DBD_LDADD=''
MOD_DEFLATE_LDADD=' -lz'
MOD_DIALUP_LDADD=''
MOD_DIR_LDADD=''
MOD_DUMPIO_LDADD=''
MOD_ECHO_LDADD=''
MOD_ENV_LDADD=''
MOD_EXAMPLE_HOOKS_LDADD=''
MOD_EXAMPLE_IPC_LDADD=''
MOD_EXPIRES_LDADD=''
MOD_EXT_FILTER_LDADD=''
MOD_FILE_CACHE_LDADD=''
MOD_FILTER_LDADD=''
MOD_HEADERS_LDADD=''
MOD_HEARTBEAT_LDADD=''
MOD_HEARTMONITOR_LDADD=''
MOD_HTTP_LDADD=''
MOD_IDENT_LDADD=''
MOD_IMAGEMAP_LDADD=''
MOD_INCLUDE_LDADD=''
MOD_INFO_LDADD=''
MOD_ISAPI_LDADD=''
MOD_LBMETHOD_BYBUSYNESS_LDADD=''
MOD_LBMETHOD_BYREQUESTS_LDADD=''
MOD_LBMETHOD_BYTRAFFIC_LDADD=''
MOD_LBMETHOD_HEARTBEAT_LDADD=''
MOD_LDAP_LDADD=''
MOD_LOGIO_LDADD=''
MOD_LOG_CONFIG_LDADD=''
MOD_LOG_DEBUG_LDADD=''
MOD_LOG_FORENSIC_LDADD=''
MOD_LUA_LDADD=''
MOD_MIME_LDADD=''
MOD_MIME_MAGIC_LDADD=''
MOD_MPM_EVENT_LDADD=''
MOD_NEGOTIATION_LDADD=''
MOD_OPTIONAL_FN_EXPORT_LDADD=''
MOD_OPTIONAL_FN_IMPORT_LDADD=''
MOD_OPTIONAL_HOOK_EXPORT_LDADD=''
MOD_OPTIONAL_HOOK_IMPORT_LDADD=''
MOD_PRIVILEGES_LDADD=''
MOD_PROXY_AJP_LDADD=''
MOD_PROXY_BALANCER_LDADD=''
MOD_PROXY_CONNECT_LDADD=''
MOD_PROXY_EXPRESS_LDADD=''
MOD_PROXY_FCGI_LDADD=''
MOD_PROXY_FDPASS_LDADD=''
MOD_PROXY_FTP_LDADD=''
MOD_PROXY_HTML_LDADD=''
MOD_PROXY_HTTP_LDADD=''
MOD_PROXY_LDADD=''
MOD_PROXY_SCGI_LDADD=''
MOD_RATELIMIT_LDADD=''
MOD_REFLECTOR_LDADD=''
MOD_REMOTEIP_LDADD=''
MOD_REQTIMEOUT_LDADD=''
MOD_REQUEST_LDADD=''
MOD_REWRITE_LDADD=''
MOD_SED_LDADD='-export-symbols-regex sed_module'
MOD_SESSION_COOKIE_LDADD=''
MOD_SESSION_CRYPTO_LDADD=''
MOD_SESSION_DBD_LDADD=''
MOD_SESSION_LDADD=''
MOD_SETENVIF_LDADD=''
MOD_SLOTMEM_PLAIN_LDADD=''
MOD_SLOTMEM_SHM_LDADD=''
MOD_SOCACHE_DBM_LDADD=''
MOD_SOCACHE_DC_LDADD=''
MOD_SOCACHE_MEMCACHE_LDADD=''
MOD_SOCACHE_SHMCB_LDADD=''
MOD_SO_ENABLED='yes'
MOD_SO_LDADD=''
MOD_SPELING_LDADD=''
MOD_SSL_LDADD=''
MOD_STATUS_LDADD=''
MOD_SUBSTITUTE_LDADD=''
MOD_SUEXEC_LDADD=''
MOD_UNIQUE_ID_LDADD=''
MOD_UNIXD_LDADD=''
MOD_USERDIR_LDADD=''
MOD_USERTRACK_LDADD=''
MOD_VERSION_LDADD=''
MOD_VHOST_ALIAS_LDADD=''
MOD_WATCHDOG_LDADD=''
MOD_XML2ENC_LDADD=''
MPM_LIB='server/mpm/event/libevent.la'
MPM_SUBDIRS=' event '
NONPORTABLE_SUPPORT='checkgid fcgistarter'
NOTEST_CFLAGS=''
NOTEST_CPPFLAGS=''
NOTEST_CXXFLAGS=''
NOTEST_LDFLAGS=''
NOTEST_LIBS=''
OBJEXT='o'
OS='unix'
OS_DIR='unix'
OS_SPECIFIC_VARS=''
PACKAGE_BUGREPORT=''
PACKAGE_NAME=''
PACKAGE_STRING=''
PACKAGE_TARNAME=''
PACKAGE_URL=''
PACKAGE_VERSION=''
PATH_SEPARATOR=':'
PCRE_CONFIG='/usr/bin/pcre-config'
PCRE_LIBS='-lpcre'
PICFLAGS=''
PILDFLAGS=''
PKGCONFIG='/usr/bin/pkg-config'
PORT='80'
POST_SHARED_CMDS='echo ""'
PRE_SHARED_CMDS='echo ""'
RANLIB='ranlib'
RM='/bin/rm'
RSYNC='/usr/bin/rsync'
SHELL='/bin/sh'
SHLIBPATH_VAR='LD_LIBRARY_PATH'
SHLTCFLAGS='-prefer-pic'
SH_LDFLAGS=''
SH_LIBS=''
SH_LIBTOOL='$(LIBTOOL)'
SSLPORT='443'
SSL_LIBS=''
UTIL_LDFLAGS=''
ab_LTFLAGS=''
abs_srcdir='/root/httpd-2.4.3'
ac_ct_CC='gcc'
ap_make_delimiter=' '
ap_make_include='include'
bindir='${exec_prefix}/bin'
build='x86_64-unknown-linux-gnu'
build_alias=''
build_cpu='x86_64'
build_os='linux-gnu'
build_vendor='unknown'
cgidir='${datadir}/cgi-bin'
checkgid_LTFLAGS=''
datadir='${prefix}'
datarootdir='${prefix}/share'
docdir='${datarootdir}/doc/${PACKAGE}'
dvidir='${docdir}'
errordir='${datadir}/error'
exec_prefix='${prefix}'
exp_bindir='/usr/local/apache-2.4.3//bin'
exp_cgidir='/usr/local/apache-2.4.3//cgi-bin'
exp_datadir='/usr/local/apache-2.4.3/'
exp_errordir='/usr/local/apache-2.4.3//error'
exp_exec_prefix='/usr/local/apache-2.4.3/'
exp_htdocsdir='/usr/local/apache-2.4.3//htdocs'
exp_iconsdir='/usr/local/apache-2.4.3//icons'
exp_includedir='/usr/local/apache-2.4.3//include'
exp_installbuilddir='/usr/local/apache-2.4.3//build'
exp_libdir='/usr/local/apache-2.4.3//lib'
exp_libexecdir='/usr/local/apache-2.4.3//modules'
exp_localstatedir='/usr/local/apache-2.4.3/'
exp_logfiledir='/usr/local/apache-2.4.3//logs'
exp_mandir='/usr/local/apache-2.4.3//man'
exp_manualdir='/usr/local/apache-2.4.3//manual'
exp_proxycachedir='/usr/local/apache-2.4.3//proxy'
exp_runtimedir='/usr/local/apache-2.4.3//logs'
exp_sbindir='/usr/local/apache-2.4.3//bin'
exp_sysconfdir='/usr/local/apache-2.4.3//conf'
fcgistarter_LTFLAGS=''
host='x86_64-unknown-linux-gnu'
host_alias=''
host_cpu='x86_64'
host_os='linux-gnu'
host_vendor='unknown'
htcacheclean_LTFLAGS=''
htdbm_LTFLAGS=''
htdigest_LTFLAGS=''
htdocsdir='${datadir}/htdocs'
htmldir='${docdir}'
htpasswd_LTFLAGS=''
httxt2dbm_LTFLAGS=''
iconsdir='${datadir}/icons'
includedir='${prefix}/include'
infodir='${datarootdir}/info'
installbuilddir='${datadir}/build'
libdir='${exec_prefix}/lib'
libexecdir='${exec_prefix}/modules'
localedir='${datarootdir}/locale'
localstatedir='${prefix}'
logfiledir='${localstatedir}/logs'
logresolve_LTFLAGS=''
mandir='${prefix}/man'
manualdir='${datadir}/manual'
oldincludedir='/usr/include'
other_targets=''
pdfdir='${docdir}'
perlbin='/usr/bin/perl'
prefix='/usr/local/apache-2.4.3/'
progname='httpd'
program_transform_name='s,x,x,'
proxycachedir='${localstatedir}/proxy'
psdir='${docdir}'
rel_bindir='bin'
rel_cgidir='cgi-bin'
rel_datadir=''
rel_errordir='error'
rel_exec_prefix=''
rel_htdocsdir='htdocs'
rel_iconsdir='icons'
rel_includedir='include'
rel_installbuilddir='build'
rel_libdir='lib'
rel_libexecdir='modules'
rel_localstatedir=''
rel_logfiledir='logs'
rel_mandir='man'
rel_manualdir='manual'
rel_proxycachedir='proxy'
rel_runtimedir='logs'
rel_sbindir='bin'
rel_sysconfdir='conf'
rotatelogs_LTFLAGS=''
runtimedir='${localstatedir}/logs'
sbindir='${exec_prefix}/bin'
shared_build='shared-build'
sharedstatedir='${prefix}/com'
sysconfdir='${prefix}/conf'
target='x86_64-unknown-linux-gnu'
target_alias=''
target_cpu='x86_64'
target_os='linux-gnu'
target_vendor='unknown'

## ----------- ##
## confdefs.h. ##
## ----------- ##

/* confdefs.h */
#define PACKAGE_NAME ""
#define PACKAGE_TARNAME ""
#define PACKAGE_VERSION ""
#define PACKAGE_STRING ""
#define PACKAGE_BUGREPORT ""
#define PACKAGE_URL ""
#define STDC_HEADERS 1
#define HAVE_SYS_TYPES_H 1
#define HAVE_SYS_STAT_H 1
#define HAVE_STDLIB_H 1
#define HAVE_STRING_H 1
#define HAVE_MEMORY_H 1
#define HAVE_STRINGS_H 1
#define HAVE_INTTYPES_H 1
#define HAVE_STDINT_H 1
#define HAVE_UNISTD_H 1
#define __EXTENSIONS__ 1
#define _ALL_SOURCE 1
#define _GNU_SOURCE 1
#define _POSIX_PTHREAD_SEMANTICS 1
#define _TANDEM_SOURCE 1
#define STDC_HEADERS 1
#define HAVE_STRING_H 1
#define HAVE_LIMITS_H 1
#define HAVE_UNISTD_H 1
#define HAVE_SYS_SOCKET_H 1
#define HAVE_PWD_H 1
#define HAVE_GRP_H 1
#define HAVE_STRINGS_H 1
#define HAVE_SYS_PRCTL_H 1
#define HAVE_SYS_SEM_H 1
#define HAVE_SYS_WAIT_H 1
#define HAVE_GETPWNAM 1
#define HAVE_GETGRNAM 1
#define HAVE_INITGROUPS 1
#define HAVE_PRCTL 1
#define HAVE_TIMEGM 1
#define HAVE_GETPGID 1
#define HAVE_FOPEN64 1
#define HAVE_GETTID 1
#define HAVE_GMTOFF 1
#define HAVE_SYS_TIME_H 1
#define HAVE_SYS_RESOURCE_H 1
#define HAVE_SYS_SEM_H 1
#define HAVE_SYS_IPC_H 1
#define HAVE_SETSID 1
#define HAVE_KILLPG 1
#define HAVE_UNISTD_H 1
#define HAVE_SYSLOG 1
#define HAVE_SYS_TIMES_H 1
#define HAVE_TIMES 1
#define HAVE_EPOLL_CREATE 1
#define HAVE_PTHREAD_KILL 1
#define AP_USING_AUTOCONF 1
#define SINGLE_LISTEN_UNSERIALIZED_ACCEPT 1
#define AP_NONBLOCK_WHEN_MULTI_LISTEN 1
#define AP_ENABLE_V4_MAPPED 1
#define HTTPD_ROOT "/usr/local/apache-2.4.3/"
#define SERVER_CONFIG_FILE "conf/httpd.conf"
#define AP_TYPES_CONFIG_FILE "conf/mime.types"

configure: exit 0
